mc simulation of 500 LJ Particles at T*=0.8500 and rho*=0.9000

Input File:         mc_example.input
Output File:        simulation.output

The movie interval was not specified in input file "mc_example.input".
No movie file will be produced.

The random number seed was specified in the input file.
Random Number Seed: -234


    ***Input Parameters***
sim         mc
N           500
temp        0.850000
rho         0.900000
esteps      10000
psteps      20000
rcut        3.000000
dt          0.100000
coord       N500T085R09-equilibrated.cor
rdf         0.800000  4.000000  100  25
seed        -234
output      50

Energy Tail Correction:    -0.279125
Pressure Tail Correction:  -0.502195

    ***INITIAL POSITIONS, XYZ Format***
500
You can copy these coordinates to a file to open in a viewer.
C	     4.203884	     7.422715	     7.407061
C	     3.789135	     2.411164	     2.742729
C	     0.910130	     0.428040	     1.315192
C	     5.323474	     1.753792	     3.752175
C	     0.062062	     0.042010	     0.933758
C	     0.536769	     2.966608	     4.576052
C	     7.284148	     7.747561	     7.197464
C	     2.288336	     1.748686	     6.682574
C	     6.350258	     5.017220	     3.911534
C	     0.772691	     4.214590	     1.710542
C	     5.318023	     4.845854	     4.181433
C	     4.977665	     7.400696	     0.410620
C	     1.961976	     7.466350	     6.682013
C	     1.448182	     4.681145	     6.550316
C	     2.947158	     0.266532	     2.143637
C	     0.337165	     6.805363	     2.465135
C	     5.684225	     3.860456	     0.670645
C	     6.491478	     0.462540	     0.732544
C	     5.456510	     4.715050	     5.198668
C	     0.975088	     0.908316	     4.922829
C	     6.477442	     1.424675	     4.213655
C	     4.630337	     5.798456	     2.956784
C	     2.300185	     0.062952	     6.128643
C	     7.548418	     6.048713	     3.854023
C	     3.271080	     2.015016	     1.060740
C	     8.054413	     3.149006	     5.626167
C	     1.194970	     3.751747	     2.532798
C	     0.419836	     0.748080	     3.433798
C	     5.809195	     5.085899	     6.951948
C	     2.410213	     0.317676	     7.602021
C	     2.005182	     5.565935	     4.596386
C	     3.811707	     7.815007	     2.280198
C	     4.382110	     2.874001	     1.074382
C	     1.258785	     5.381814	     0.143211
C	     0.400268	     1.736782	     4.465335
C	     2.719551	     0.680968	     5.408127
C	     5.087045	     7.683817	     6.991932
C	     2.415348	     6.154101	     5.552314
C	     2.429074	     2.743878	     7.234766
C	     0.641752	     2.323519	     1.939095
C	     5.331461	     4.591783	     1.438987
C	     0.231647	     3.356899	     2.206974
C	     4.621945	     2.547066	     3.441527
C	     7.230717	     4.619687	     4.292977
C	     4.743365	     5.414605	     4.995573
C	     2.218144	     1.484704	     3.767261
C	     3.269992	     1.873957	     0.065270
C	     1.562680	     3.352808	     4.553714
C	     4.132057	     3.334356	     2.548230
C	     5.389052	     0.150974	     0.571557
C	     3.755148	     7.482276	     0.241783
C	     1.879298	     7.655883	     3.662395
C	     0.005901	     4.702183	     1.184802
C	     4.993061	     5.425901	     8.011074
C	     0.811085	     7.696498	     2.013189
C	     3.814271	     0.266184	     6.975590
C	     6.076331	     1.085587	     3.086135
C	     4.982308	     0.782519	     3.231802
C	     6.353039	     7.489561	     2.572051
C	     6.958389	     6.925616	     4.815879
C	     7.979695	     2.557744	     7.026790
C	     3.616430	     3.602125	     1.457429
C	     2.872535	     5.164479	     1.715482
C	     3.928139	     5.767165	     8.107750
C	     0.329796	     7.971420	     4.899736
C	     6.998019	     3.441189	     4.057331
C	     5.030658	     6.642719	     6.687438
C	     7.137358	     3.683199	     6.174582
C	     1.517998	     6.517159	     7.132975
C	     7.938275	     8.158851	     3.834695
C	     2.229168	     6.236713	     2.777897
C	     6.058397	     0.282904	     1.629329
C	     2.936969	     2.649837	     3.979838
C	     6.076063	     2.874263	     7.348747
C	     4.607572	     3.900484	     1.364961
C	     2.543586	     5.023903	     5.477736
C	     6.379240	     3.199668	     3.166946
C	     3.478390	     2.165683	     5.180791
C	     6.918447	     6.532604	     6.710937
C	     2.621954	     1.265839	     7.763458
C	     4.449547	     0.172794	     0.253100
C	     4.079284	     6.580941	     2.516114
C	     3.753891	     0.105167	     5.116087
C	     0.838366	     7.708428	     0.795620
C	     7.543250	     5.400255	     1.846199
C	     2.678497	     6.823092	     4.830949
C	     8.003583	     7.733913	     1.805319
C	     0.180061	     6.673841	     5.918070
C	     2.783887	     2.973625	     1.158532
C	     2.956985	     0.866271	     6.734019
C	     3.598854	     1.180121	     5.237410
C	     4.122318	     3.631809	     6.209238
C	     7.730586	     7.862898	     8.099272
C	     4.997941	     0.301856	     2.177209
C	     3.248450	     0.713668	     4.317297
C	     3.590653	     1.613558	     7.329216
C	     7.017904	     2.686027	     7.777268
C	     4.535192	     2.113700	     0.194392
C	     2.161139	     1.733860	     0.492105
C	     7.376162	     0.908561	     6.167772
C	     7.138969	     2.076743	     0.540089
C	     5.694390	     5.794007	     4.729240
C	     3.983965	     0.810893	     2.341222
C	     5.601584	     1.275194	     7.161759
C	     3.215467	     6.365044	     6.114841
C	     7.054570	     5.797008	     5.958857
C	     6.054353	     4.841299	     0.581906
C	     0.777422	     0.117438	     8.157218
C	     2.448859	     2.067850	     1.621924
C	     1.748873	     7.381896	     1.414358
C	     0.779966	     3.934231	     7.911049
C	     7.516679	     1.697585	     4.438765
C	     7.665706	     1.546076	     7.023339
C	     7.091787	     3.779342	     5.033227
C	     0.671950	     4.231853	     4.378441
C	     1.534723	     1.139826	     1.015600
C	     3.753600	     6.357783	     3.474531
C	     2.011565	     2.019597	     5.757908
C	     2.549695	     3.737639	     5.014087
C	     7.163392	     0.627503	     4.059480
C	     2.530078	     1.022686	     1.363052
C	     4.533370	     1.812411	     6.959181
C	     7.117362	     4.379067	     2.246342
C	     3.258791	     3.847289	     0.265552
C	     3.736448	     5.125288	     5.356209
C	     7.119469	     6.890553	     0.449557
C	     0.995934	     5.295689	     4.639236
C	     6.156451	     3.105054	     6.160017
C	     0.996333	     4.905067	     2.514200
C	     4.149837	     5.174544	     7.267957
C	     7.744228	     2.980339	     0.556885
C	     1.577230	     7.234031	     2.701982
C	     1.161485	     0.133314	     4.191867
C	     0.537489	     4.963999	     7.678246
C	     1.198165	     5.717718	     3.805222
C	     4.566665	     4.615021	     5.617012
C	     7.960341	     2.223599	     8.082853
C	     5.512800	     0.853311	     4.161239
C	     0.312101	     0.967341	     0.637939
C	     7.941382	     4.349982	     7.302940
C	     7.162914	     7.926950	     1.162230
C	     5.732429	     7.297808	     7.946634
C	     4.072766	     6.150486	     5.614024
C	     6.700098	     7.068025	     1.451510
C	     1.512134	     2.729949	     6.712887
C	     1.808969	     7.454436	     5.698699
C	     7.039714	     0.400724	     8.042804
C	     8.077710	     5.519553	     6.018662
C	     5.621762	     2.046274	     2.703904
C	     1.002015	     6.648584	     1.354613
C	     6.121098	     3.787231	     6.940714
C	     6.303052	     6.283326	     5.364941
C	     4.813668	     7.278310	     5.617125
C	     5.247915	     1.362203	     6.056815
C	     6.107495	     4.239985	     2.450809
C	     6.940616	     5.810367	     4.758256
C	     6.403589	     6.379351	     4.038471
C	     3.276265	     3.160077	     5.716955
C	     0.756753	     3.085267	     0.381726
C	     2.789503	     5.129938	     2.847906
C	     0.233629	     5.785323	     3.073011
C	     1.451407	     8.204442	     7.431152
C	     7.621987	     1.222069	     8.131228
C	     4.576588	     6.940934	     1.510928
C	     4.878998	     4.623071	     0.561633
C	     3.608233	     0.191455	     0.921933
C	     0.658212	     0.560124	     2.322458
C	     3.780654	     7.447658	     3.411016
C	     2.962776	     4.030961	     2.127897
C	     0.470539	     0.424833	     5.787994
C	     8.165687	     3.496463	     6.690534
C	     6.193353	     2.414809	     3.798800
C	     4.993879	     2.628429	     4.517321
C	     6.739880	     7.020150	     7.596783
C	     5.384672	     3.263834	     2.679394
C	     2.079232	     5.315595	     7.608164
C	     5.987127	     7.238943	     6.617268
C	     7.714973	     2.699255	     4.695603
C	     5.048290	     1.963160	     1.033778
C	     7.495117	     6.052901	     0.973514
C	     0.679430	     2.260390	     3.621946
C	     5.855021	     0.229780	     2.708744
C	     6.420665	     1.389716	     2.056209
C	     6.315242	     1.608409	     8.053098
C	     0.521071	     5.988625	     7.366130
C	     2.389701	     2.948262	     6.098981
C	     6.575762	     1.828601	     7.067813
C	     0.344993	     2.371188	     5.325935
C	     6.735602	     3.040253	     1.025430
C	     7.244576	     2.584942	     3.503170
C	     0.852621	     4.324253	     0.595897
C	     6.850028	     5.264657	     2.756392
C	     8.007420	     1.753032	     3.537104
C	     3.310535	     3.197566	     3.180158
C	     3.986779	     6.985511	     6.399174
C	     7.175648	     4.980265	     0.953938
C	     6.433236	     4.873101	     5.028211
C	     2.567352	     6.502101	     1.142101
C	     3.121467	     4.217717	     5.792545
C	     5.554872	     2.192722	     6.647603
C	     3.561758	     4.032599	     3.859494
C	     2.131191	     6.289848	     7.943247
C	     7.554424	     3.456857	     2.996451
C	     1.205509	     1.656431	     6.657609
C	     3.186143	     7.910141	     4.225237
C	     1.720414	     2.401342	     3.623225
C	     1.853967	     3.608872	     6.806631
C	     5.425738	     2.224455	     7.724247
C	     6.310663	     4.112450	     1.420200
C	     4.359879	     3.576212	     0.190955
C	     2.874081	     5.838416	     4.001937
C	     8.019721	     5.115304	     3.910421
C	     2.691445	     0.783767	     0.413273
C	     0.581090	     6.897688	     5.041000
C	     0.945700	     7.967311	     3.085978
C	     4.668905	     6.455860	     7.743606
C	     7.972862	     0.992171	     1.805561
C	     7.951366	     4.118261	     0.211897
C	     3.362918	     8.073208	     6.164893
C	     1.560786	     6.415910	     6.050824
C	     5.358559	     3.633273	     7.771066
C	     5.086562	     3.855802	     4.546652
C	     2.049724	     5.411658	     3.432586
C	     3.212256	     7.612097	     7.203999
C	     1.670776	     0.855327	     8.176968
C	     0.577309	     5.871550	     5.323463
C	     6.575475	     6.220322	     1.885774
C	     3.394814	     3.138011	     4.728995
C	     7.831577	     1.891793	     1.232270
C	     6.105131	     2.466873	     1.713824
C	     4.406942	     1.629281	     1.768838
C	     5.131608	     5.536123	     0.969168
C	     5.121516	     3.555136	     5.530861
C	     7.288594	     3.564393	     7.223564
C	     4.882424	     5.393855	     6.535622
C	     8.216312	     0.696939	     4.479459
C	     6.062024	     3.999383	     4.421049
C	     2.318024	     0.932035	     2.622741
C	     5.399723	     8.112513	     6.041273
C	     6.240261	     2.048773	     5.826647
C	     2.789625	     7.926066	     0.192158
C	     4.723755	     7.468184	     2.745949
C	     2.066549	     3.277319	     3.010069
C	     5.131398	     0.248395	     7.618019
C	     5.238106	     6.158068	     5.591694
C	     4.424534	     5.900502	     1.736103
C	     5.907013	     3.043043	     4.860808
C	     6.134402	     4.240732	     7.913135
C	     7.339928	     7.270451	     2.390038
C	     7.754622	     0.483771	     7.164031
C	     5.091062	     4.617166	     7.407942
C	     3.583470	     6.597473	     7.528094
C	     0.631608	     4.880691	     3.487446
C	     7.746277	     4.456008	     3.230400
C	     3.590420	     7.176470	     5.404839
C	     5.962148	     2.309552	     0.533240
C	     4.288028	     2.763656	     5.380606
C	     1.861796	     5.403334	     2.164376
C	     2.750462	     7.855258	     5.124378
C	     7.204663	     7.832733	     4.493864
C	     7.148295	     8.026127	     3.220124
C	     3.357641	     2.382030	     6.791902
C	     4.247781	     4.614066	     4.333910
C	     5.905791	     5.367049	     5.825179
C	     6.620533	     0.251369	     5.201978
C	     2.681264	     4.207764	     1.012301
C	     7.746861	     7.454851	     5.469408
C	     3.624707	     5.972698	     4.630368
C	     2.457678	     4.615098	     4.046541
C	     3.876295	     4.387835	     2.724641
C	     2.756422	     4.132265	     3.134618
C	     4.709178	     6.493324	     4.836169
C	     1.049279	     1.736920	     5.563997
C	     6.840097	     3.963935	     0.476327
C	     0.521860	     0.597488	     6.940683
C	     1.602184	     5.402277	     5.620765
C	     8.160050	     4.536677	     2.303016
C	     2.802817	     7.830672	     2.949524
C	     0.243822	     5.753558	     0.929369
C	     0.607179	     7.658833	     5.792054
C	     1.281858	     2.143359	     4.493194
C	     5.567507	     6.475263	     0.414097
C	     3.563954	     4.417573	     6.672993
C	     8.015608	     6.813720	     6.868561
C	     0.282328	     6.158436	     4.203546
C	     3.266063	     4.456596	     4.749010
C	     2.424060	     3.608918	     3.961347
C	     4.808777	     1.574299	     4.933351
C	     4.177862	     3.826137	     4.992960
C	     5.042748	     3.680247	     6.726914
C	     6.691756	     6.013874	     0.057033
C	     1.759947	     0.021863	     2.154671
C	     0.786876	     7.358516	     4.178408
C	     2.358899	     7.284290	     7.747005
C	     1.663754	     2.465389	     2.130466
C	     7.143546	     4.744450	     8.179192
C	     3.350167	     4.894353	     0.517738
C	     7.771848	     5.271275	     7.463651
C	     5.520566	     4.928269	     2.940986
C	     5.491082	     6.493615	     1.528843
C	     7.455425	     3.808811	     1.454517
C	     2.269136	     4.687887	     0.190936
C	     5.239856	     2.400712	     5.583283
C	     5.447138	     1.215601	     2.261206
C	     4.646348	     5.868029	     4.086065
C	     1.270418	     1.610266	     2.955874
C	     0.851075	     3.907518	     6.469781
C	     1.722389	     4.581389	     4.794652
C	     0.176567	     3.578551	     1.141235
C	     4.821927	     0.642963	     6.715592
C	     1.459638	     0.605028	     3.022683
C	     1.611054	     6.105036	     0.728873
C	     2.777410	     7.259267	     6.052410
C	     6.247476	     0.310166	     3.752997
C	     6.833922	     5.599769	     7.066898
C	     5.471233	     3.516347	     1.634355
C	     3.813024	     5.476241	     2.452076
C	     5.802216	     1.321669	     1.252623
C	     8.072571	     5.168021	     0.221068
C	     6.601701	     7.801901	     0.258659
C	     0.309147	     4.900292	     6.694159
C	     3.512091	     0.396393	     7.969824
C	     0.894614	     6.778072	     3.373228
C	     4.229666	     4.510092	     8.052586
C	     5.352369	     8.197132	     4.868638
C	     4.191090	     0.107832	     3.081608
C	     5.913546	     6.056962	     6.649906
C	     6.582882	     0.014365	     6.425796
C	     3.461771	     5.403389	     6.294912
C	     7.981319	     2.556435	     2.696504
C	     4.377183	     8.055483	     6.240370
C	     7.783597	     6.270395	     5.026246
C	     4.305946	     1.834587	     5.905386
C	     0.440126	     2.253188	     0.814599
C	     1.086838	     3.153513	     1.644331
C	     6.330485	     5.806237	     1.001147
C	     1.544100	     3.003934	     7.769944
C	     6.708665	     2.484163	     4.935078
C	     1.685065	     1.799688	     7.631053
C	     1.849947	     0.843881	     6.933185
C	     1.523137	     2.522933	     0.899170
C	     1.576280	     4.370261	     7.550278
C	     3.702649	     2.852109	     0.367105
C	     0.289975	     1.624436	     2.483869
C	     7.081357	     7.059235	     3.555058
C	     4.791822	     0.745984	     1.259850
C	     1.272288	     2.893226	     5.736099
C	     5.371250	     4.523544	     6.251759
C	     6.753795	     4.186273	     3.235418
C	     5.209428	     7.921772	     3.438178
C	     6.263711	     8.092224	     7.462132
C	     6.112987	     3.935557	     5.398936
C	     7.582256	     6.164940	     7.786782
C	     7.742535	     6.539569	     1.839467
C	     3.164665	     1.590441	     2.329080
C	     7.477864	     4.852430	     6.535578
C	     1.121859	     1.806901	     0.218905
C	     3.673619	     5.273218	     3.618961
C	     4.107164	     5.078889	     1.224493
C	     4.622313	     6.920606	     3.815964
C	     4.451321	     3.883114	     3.315691
C	     4.024007	     2.256975	     4.248449
C	     3.176175	     1.789307	     3.480913
C	     1.067429	     7.353005	     7.979925
C	     6.758277	     2.478779	     2.500370
C	     6.764774	     4.480413	     7.196995
C	     1.500304	     6.488422	     4.930318
C	     7.478878	     6.318773	     2.851013
C	     2.493827	     4.563658	     6.610392
C	     1.869972	     6.578851	     3.699163
C	     4.626266	     7.953609	     1.216715
C	     6.339728	     1.118802	     6.214299
C	     1.846417	     6.324026	     1.798392
C	     2.331673	     2.020075	     2.875164
C	     1.613567	     3.641427	     0.600540
C	     4.640135	     4.890811	     3.340378
C	     5.989153	     0.614384	     8.063138
C	     8.096730	     6.869376	     3.419805
C	     7.637451	     2.750643	     1.774773
C	     6.221322	     7.672251	     4.548743
C	     1.605922	     4.208753	     3.446506
C	     1.032944	     5.240131	     1.376028
C	     7.280613	     4.646720	     5.573525
C	     8.005069	     1.450731	     5.345182
C	     6.034423	     7.305942	     3.505901
C	     2.930776	     1.594548	     5.917004
C	     4.136051	     3.748867	     7.281998
C	     2.079998	     5.708914	     6.522319
C	     2.583591	     6.476503	     7.038653
C	     0.892434	     2.814713	     2.833760
C	     4.776740	     0.587412	     5.421330
C	     6.209809	     3.248661	     0.066500
C	     3.344170	     0.722995	     3.203053
C	     5.943687	     6.372834	     7.558500
C	     0.302044	     5.759816	     1.936701
C	     7.883008	     3.877052	     3.994899
C	     1.814531	     0.059312	     0.624157
C	     4.102958	     6.090844	     6.762359
C	     2.897310	     6.956710	     3.762078
C	     4.602129	     1.750846	     2.729367
C	     7.722406	     0.770125	     2.829488
C	     6.713260	     0.819889	     7.151828
C	     6.415463	     6.135982	     3.011839
C	     5.758774	     1.039474	     5.270163
C	     1.932806	     7.148260	     0.460814
C	     0.031920	     4.390731	     5.917631
C	     5.215388	     3.002331	     0.450131
C	     2.451764	     3.677500	     7.649982
C	     7.337102	     1.785102	     2.233550
C	     7.963268	     7.180916	     4.348273
C	     1.216967	     1.336670	     3.901195
C	     5.238752	     1.235681	     0.266425
C	     0.936908	     4.697456	     5.708793
C	     3.073301	     6.681052	     0.131681
C	     8.014171	     7.169673	     0.831388
C	     5.829123	     2.039765	     4.785037
C	     6.987325	     2.674112	     6.708207
C	     2.581520	     8.126587	     1.222886
C	     3.198721	     6.211780	     1.903962
C	     0.857970	     7.110061	     6.566252
C	     3.615570	     0.995274	     1.458666
C	     1.511523	     1.148157	     2.031838
C	     1.723417	     4.424510	     1.408824
C	     2.466052	     0.462752	     3.581955
C	     6.085348	     5.277701	     7.901677
C	     5.500313	     4.057906	     3.553891
C	     1.403296	     0.111679	     5.368301
C	     2.079294	     3.574477	     1.816684
C	     4.621759	     2.901924	     7.665713
C	     2.113611	     0.278050	     4.582908
C	     0.317098	     3.797261	     3.206706
C	     6.891632	     0.340951	     2.342219
C	     3.818170	     0.935286	     6.206233
C	     5.346781	     6.442659	     2.678753
C	     0.578042	     1.414236	     1.526748
C	     2.774629	     1.732807	     4.636136
C	     5.444460	     3.079280	     3.770716
C	     4.126189	     1.297034	     3.568835
C	     3.451832	     7.373082	     1.377109
C	     2.579802	     7.330585	     1.963928
C	     3.046488	     5.666089	     7.293298
C	     6.831106	     1.264029	     5.167790
C	     0.272311	     7.779729	     7.318470
C	     0.451119	     1.389593	     7.800211
C	     7.852216	     8.000333	     6.344252
C	     5.865899	     7.275514	     5.645421
C	     4.721499	     5.051822	     2.280345
C	     0.061152	     4.835826	     4.984424
C	     0.248295	     1.312045	     6.282870
C	     1.040545	     3.336521	     3.701563
C	     1.828932	     3.880612	     5.795338
C	     3.754992	     6.995020	     4.370016
C	     5.429666	     7.584913	     1.987527
C	     2.411573	     2.570004	     0.002800
C	     3.063899	     3.529508	     6.700232
C	     8.204786	     2.892022	     3.750181
C	     6.996008	     1.540146	     3.278267
C	     7.121120	     1.249247	     1.158079
C	     2.129025	     5.324088	     0.968306
C	     3.419224	     5.914062	     0.917318
C	     4.555722	     1.075242	     7.653501
C	     6.386575	     4.442698	     6.173327
C	     1.290117	     8.201325	     6.454470
C	     6.830828	     7.107324	     5.807137
C	     7.347959	     2.273120	     5.724582
C	     3.617039	     2.490946	     1.804627
C	     5.731216	     6.776788	     4.646535
C	     4.357234	     7.881867	     4.304278
C	     4.533234	     0.667551	     4.389816
C	     6.735802	     3.411570	     2.138137
C	     0.551777	     2.442390	     6.404183
C	     4.103605	     1.231257	     0.493172
C	     8.211198	     3.340350	     7.737671
C	     4.499661	     2.818478	     6.637320
C	     0.892773	     5.740288	     6.372770
C	     5.641810	     5.634944	     2.162320
C	     3.508640	     2.893688	     7.616380
C	     8.212620	     7.968953	     2.804893
C	     4.271741	     3.238112	     4.087651
C	     2.050257	     4.480573	     2.527188
C	     1.801589	     0.932110	     5.936602
C	     1.190912	     6.081760	     2.594540
C	     7.652256	     0.428264	     5.203078
C	     5.634887	     5.734156	     3.657423
C	     0.797696	     6.259310	     0.059821
C	     8.216747	     6.937520	     8.059422
C	     2.806591	     5.597315	     0.067276
C	     0.686542	     2.488318	     7.564887
C	     0.688973	     3.652580	     5.444143
C	     2.270518	     2.664931	     4.839274
C	     1.742862	     7.546088	     4.719611
C	     3.019723	     4.590044	     7.730372
C	     5.848662	     7.439246	     0.925120
C	     4.915755	     2.661577	     2.029756
C	     1.889049	     1.339302	     4.826925
C	     6.502533	     5.078078	     1.847618
C	     5.147081	     4.176420	     2.420138
C	     3.078366	     6.791480	     2.812229
C	     2.912832	     3.009404	     2.249834
C	     4.206985	     6.612539	     0.522764


Iteration                P              P Ave.             PE

0                     0.267125         0.267125        -6.208729
50                    0.266443         2.360712        -6.280285
100                   0.266918         2.288904        -6.238743
150                   0.266409         2.272984        -6.258645
200                   0.267668         2.296301        -6.156111
250                   0.266929         2.309228        -6.223522
300                   0.266155         2.285690        -6.289536
350                   0.266010         2.263508        -6.305485
400                   0.266526         2.240420        -6.253960
450                   0.265855         2.225301        -6.332707
500                   0.266634         2.209904        -6.223824
550                   0.266928         2.187879        -6.232846
600                   0.266629         2.181998        -6.241227
650                   0.266743         2.180699        -6.245827
700                   0.266547         2.176608        -6.254401
750                   0.267571         2.176101        -6.135270
800                   0.266798         2.169028        -6.233246
850                   0.266221         2.171113        -6.280072
900                   0.266826         2.164320        -6.237163
950                   0.266146         2.157203        -6.298692
1000                  0.266777         2.159275        -6.228213
1050                  0.266688         2.161185        -6.233979
1100                  0.267395         2.165041        -6.173098
1150                  0.267406         2.179014        -6.173209
1200                  0.266678         2.188602        -6.259292
1250                  0.266422         2.194403        -6.277255
1300                  0.266617         2.187763        -6.262761
1350                  0.266981         2.188772        -6.214530
1400                  0.267043         2.190264        -6.207643
1450                  0.267215         2.194248        -6.195869
1500                  0.266983         2.196688        -6.211138
1550                  0.266699         2.204186        -6.241989
1600                  0.266101         2.203630        -6.295195
1650                  0.266754         2.197661        -6.245737
1700                  0.267815         2.198986        -6.150022
1750                  0.267165         2.202575        -6.201678
1800                  0.267464         2.210995        -6.163205
1850                  0.267274         2.218937        -6.183383
1900                  0.266721         2.223786        -6.233866
1950                  0.266980         2.231223        -6.207798
2000                  0.266187         2.233212        -6.289401
2050                  0.266594         2.236780        -6.274386
2100                  0.267347         2.239262        -6.185238
2150                  0.266674         2.239272        -6.245309
2200                  0.266690         2.235681        -6.246591
2250                  0.266406         2.234681        -6.292476
2300                  0.266866         2.237679        -6.229825
2350                  0.267439         2.247782        -6.168953
2400                  0.266377         2.249671        -6.272102
2450                  0.267071         2.248514        -6.218372
2500                  0.266695         2.248112        -6.232569
2550                  0.265819         2.245868        -6.320610
2600                  0.266133         2.239025        -6.280829
2650                  0.267190         2.237083        -6.203870
2700                  0.266207         2.238693        -6.282929
2750                  0.266074         2.235686        -6.306253
2800                  0.267014         2.232742        -6.211574
2850                  0.266742         2.229345        -6.234961
2900                  0.266598         2.227214        -6.251481
2950                  0.266256         2.226012        -6.277805
3000                  0.267487         2.229659        -6.174219
3050                  0.266329         2.231386        -6.267934
3100                  0.266404         2.230607        -6.273463
3150                  0.267054         2.229500        -6.216685
3200                  0.267006         2.228616        -6.215807
3250                  0.266649         2.230641        -6.240537
3300                  0.266430         2.230381        -6.276884
3350                  0.266322         2.231139        -6.287315
3400                  0.266652         2.230498        -6.238483
3450                  0.266501         2.230124        -6.244685
3500                  0.266306         2.230016        -6.272897
3550                  0.266487         2.228500        -6.266805
3600                  0.266890         2.227119        -6.212542
3650                  0.266552         2.226432        -6.262677
3700                  0.266689         2.223664        -6.238541
3750                  0.266633         2.224123        -6.259236
3800                  0.266648         2.224749        -6.238665
3850                  0.266311         2.224969        -6.289840
3900                  0.267339         2.227318        -6.185255
3950                  0.266409         2.227478        -6.285078
4000                  0.265952         2.226991        -6.316025
4050                  0.266115         2.224896        -6.312204
4100                  0.266690         2.222344        -6.233999
4150                  0.266685         2.221530        -6.232258
4200                  0.267026         2.219849        -6.210859
4250                  0.267433         2.221347        -6.181807
4300                  0.267664         2.222823        -6.135734
4350                  0.266607         2.222568        -6.268057
4400                  0.266852         2.221186        -6.219784
4450                  0.266314         2.218546        -6.300701
4500                  0.266228         2.217279        -6.284620
4550                  0.267119         2.216993        -6.205022
4600                  0.266452         2.216435        -6.271816
4650                  0.266396         2.215843        -6.286142
4700                  0.265783         2.215221        -6.325171
4750                  0.266738         2.214069        -6.241743
4800                  0.266631         2.215567        -6.243407
4850                  0.266791         2.214997        -6.233809
4900                  0.267059         2.216840        -6.206096
4950                  0.266942         2.218251        -6.208259
5000                  0.267212         2.219419        -6.190292
5050                  0.266679         2.222717        -6.245827
5100                  0.267393         2.223988        -6.164996
5150                  0.267333         2.225531        -6.171096
5200                  0.266989         2.225555        -6.206785
5250                  0.267201         2.226757        -6.183865
5300                  0.267295         2.228428        -6.186976
5350                  0.266538         2.228820        -6.261010
5400                  0.266999         2.229727        -6.217949
5450                  0.266481         2.229857        -6.255560
5500                  0.266509         2.230028        -6.252504
5550                  0.266303         2.226923        -6.289217
5600                  0.266630         2.227552        -6.260121
5650                  0.266934         2.225699        -6.224185
5700                  0.266488         2.225532        -6.272074
5750                  0.266981         2.224838        -6.197076
5800                  0.266376         2.224955        -6.270185
5850                  0.266379         2.224193        -6.278705
5900                  0.266299         2.222492        -6.280315
5950                  0.266861         2.223253        -6.230729
6000                  0.266997         2.222009        -6.193332
6050                  0.266832         2.222767        -6.232984
6100                  0.266411         2.222649        -6.255888
6150                  0.266818         2.222766        -6.218787
6200                  0.266851         2.222801        -6.229024
6250                  0.266481         2.224359        -6.273150
6300                  0.266609         2.224827        -6.258650
6350                  0.267249         2.224395        -6.184931
6400                  0.266499         2.224437        -6.263259
6450                  0.266544         2.224893        -6.258238
6500                  0.267048         2.224354        -6.198416
6550                  0.267419         2.223860        -6.154419
6600                  0.266151         2.223993        -6.296768
6650                  0.267023         2.223191        -6.207711
6700                  0.267209         2.223067        -6.203411
6750                  0.267596         2.224407        -6.159179
6800                  0.266524         2.224921        -6.266035
6850                  0.266603         2.224629        -6.252556
6900                  0.266411         2.224648        -6.271512
6950                  0.267054         2.224283        -6.204721
7000                  0.267796         2.226047        -6.134728
7050                  0.266519         2.226538        -6.257117
7100                  0.266589         2.226253        -6.263881
7150                  0.267415         2.228073        -6.182395
7200                  0.266824         2.229123        -6.232017
7250                  0.267211         2.230056        -6.187426
7300                  0.267396         2.232582        -6.165513
7350                  0.266982         2.233209        -6.208301
7400                  0.266708         2.234228        -6.247135
7450                  0.267184         2.234398        -6.187923
7500                  0.266248         2.235069        -6.287847
7550                  0.266479         2.233102        -6.260139
7600                  0.266780         2.232090        -6.244198
7650                  0.266902         2.230909        -6.217042
7700                  0.266660         2.231004        -6.239965
7750                  0.265974         2.229838        -6.312012
7800                  0.266605         2.228356        -6.253942
7850                  0.266748         2.227054        -6.235189
7900                  0.266553         2.226312        -6.281111
7950                  0.266265         2.226379        -6.294142
8000                  0.266521         2.224931        -6.258237
8050                  0.266011         2.224501        -6.305364
8100                  0.266726         2.224311        -6.232739
8150                  0.266508         2.223851        -6.258621
8200                  0.266956         2.223227        -6.213947
8250                  0.266481         2.223130        -6.263020
8300                  0.267111         2.223604        -6.216625
8350                  0.266742         2.223627        -6.236728
8400                  0.267346         2.223798        -6.164452
8450                  0.266589         2.223300        -6.266773
8500                  0.267065         2.224073        -6.224822
8550                  0.266511         2.225085        -6.271474
8600                  0.266675         2.225786        -6.252330
8650                  0.266348         2.225906        -6.280506
8700                  0.266736         2.226639        -6.235469
8750                  0.266619         2.226161        -6.269263
8800                  0.266732         2.226001        -6.228303
8850                  0.266225         2.225272        -6.303254
8900                  0.266917         2.223784        -6.237228
8950                  0.266334         2.223072        -6.290135
9000                  0.266783         2.223683        -6.237581
9050                  0.266093         2.222308        -6.305877
9100                  0.266267         2.220090        -6.295720
9150                  0.267123         2.218769        -6.219616
9200                  0.266772         2.218269        -6.240454
9250                  0.265678         2.217117        -6.333567
9300                  0.266291         2.214823        -6.271302
9350                  0.267389         2.213751        -6.164336
9400                  0.266934         2.214286        -6.224415
9450                  0.266104         2.213875        -6.320337
9500                  0.266584         2.213323        -6.258306
9550                  0.266758         2.212990        -6.226912
9600                  0.267810         2.213373        -6.139097
9650                  0.266183         2.213774        -6.296046
9700                  0.266661         2.212443        -6.234151
9750                  0.266573         2.212004        -6.265363
9800                  0.266612         2.211975        -6.246819
9850                  0.266460         2.211079        -6.258502
9900                  0.266641         2.210977        -6.248867
9950                  0.266766         2.209684        -6.245931
10000                 0.265797         2.209297        -6.328877
50                    0.266556         2.027516        -6.244437
100                   0.267022         2.044516        -6.212566
150                   0.267520         2.139002        -6.152525
200                   0.267430         2.200321        -6.188199
250                   0.266558         2.193607        -6.258476
300                   0.266900         2.198505        -6.228273
350                   0.266988         2.215774        -6.199324
400                   0.266832         2.226727        -6.250599
450                   0.266560         2.227978        -6.264664
500                   0.266427         2.212455        -6.269894
550                   0.266028         2.207943        -6.312135
600                   0.265944         2.182099        -6.308255
650                   0.266791         2.175802        -6.225985
700                   0.266407         2.171927        -6.267317
750                   0.266294         2.176320        -6.276421
800                   0.266426         2.170343        -6.272102
850                   0.266562         2.173514        -6.259109
900                   0.267022         2.178913        -6.207691
950                   0.266617         2.173141        -6.244534
1000                  0.267293         2.177328        -6.188758
1050                  0.267304         2.178751        -6.178563
1100                  0.266839         2.174687        -6.226332
1150                  0.265929         2.176222        -6.316208
1200                  0.266844         2.176056        -6.234419
1250                  0.267224         2.183477        -6.190404
1300                  0.266847         2.187681        -6.231869
1350                  0.266761         2.187933        -6.230022
1400                  0.266947         2.191330        -6.215961
1450                  0.266299         2.196928        -6.283904
1500                  0.266555         2.197890        -6.252497
1550                  0.266691         2.198505        -6.248957
1600                  0.266875         2.201897        -6.230544
1650                  0.266873         2.205093        -6.223874
1700                  0.267216         2.205978        -6.203053
1750                  0.266438         2.205621        -6.270508
1800                  0.266533         2.203355        -6.267900
1850                  0.266589         2.207831        -6.250585
1900                  0.266486         2.204777        -6.261013
1950                  0.266519         2.206858        -6.256185
2000                  0.266323         2.201565        -6.281267
2050                  0.266375         2.198587        -6.264101
2100                  0.266332         2.193081        -6.270046
2150                  0.266647         2.195367        -6.235597
2200                  0.266552         2.189715        -6.237381
2250                  0.266265         2.186114        -6.281399
2300                  0.266889         2.182448        -6.231116
2350                  0.266663         2.183104        -6.244716
2400                  0.267320         2.182960        -6.185748
2450                  0.266444         2.180983        -6.268144
2500                  0.266795         2.181445        -6.235458
2550                  0.266285         2.183208        -6.291081
2600                  0.267024         2.187243        -6.216450
2650                  0.266422         2.186853        -6.267434
2700                  0.266915         2.188792        -6.223421
2750                  0.267053         2.192493        -6.213893
2800                  0.266888         2.196570        -6.232768
2850                  0.266330         2.197386        -6.282543
2900                  0.266215         2.196885        -6.288528
2950                  0.267334         2.197391        -6.173549
3000                  0.267045         2.199786        -6.209295
3050                  0.266821         2.203806        -6.239991
3100                  0.267606         2.204720        -6.155725
3150                  0.266825         2.207125        -6.231124
3200                  0.267449         2.210201        -6.153536
3250                  0.266774         2.216487        -6.225364
3300                  0.266526         2.216751        -6.254171
3350                  0.266182         2.214880        -6.296697
3400                  0.267145         2.215084        -6.204823
3450                  0.267029         2.219802        -6.220560
3500                  0.266344         2.222583        -6.282650
3550                  0.266754         2.222642        -6.235259
3600                  0.266169         2.223489        -6.292862
3650                  0.267019         2.221630        -6.214663
3700                  0.266493         2.220630        -6.251161
3750                  0.266579         2.218326        -6.249178
3800                  0.266548         2.217228        -6.235744
3850                  0.267149         2.216721        -6.198552
3900                  0.267112         2.217191        -6.199913
3950                  0.266945         2.218632        -6.221080
4000                  0.267136         2.221062        -6.183672
4050                  0.266502         2.221231        -6.259367
4100                  0.266574         2.220471        -6.250279
4150                  0.266525         2.218941        -6.259298
4200                  0.266759         2.218712        -6.220327
4250                  0.266916         2.220600        -6.216624
4300                  0.266490         2.221876        -6.262172
4350                  0.266526         2.222637        -6.258832
4400                  0.267142         2.225098        -6.207651
4450                  0.266270         2.225972        -6.292799
4500                  0.266306         2.225466        -6.285091
4550                  0.266147         2.223314        -6.300846
4600                  0.266283         2.221363        -6.274344
4650                  0.266562         2.220121        -6.253651
4700                  0.266268         2.218798        -6.277442
4750                  0.266281         2.218561        -6.294838
4800                  0.266149         2.218842        -6.292468
4850                  0.266189         2.218314        -6.282733
4900                  0.267443         2.218511        -6.176352
4950                  0.266206         2.219857        -6.292927
5000                  0.267049         2.220230        -6.202527
5050                  0.266612         2.220078        -6.252534
5100                  0.266757         2.219432        -6.241206
5150                  0.266884         2.218209        -6.213816
5200                  0.266342         2.215676        -6.272347
5250                  0.266512         2.214826        -6.265003
5300                  0.266765         2.215341        -6.241106
5350                  0.266513         2.213686        -6.262924
5400                  0.266201         2.210707        -6.290536
5450                  0.266519         2.209348        -6.272672
5500                  0.266214         2.206947        -6.288548
5550                  0.266566         2.204762        -6.260557
5600                  0.265883         2.203164        -6.333395
5650                  0.265968         2.201521        -6.314742
5700                  0.266758         2.201691        -6.234716
5750                  0.266645         2.200102        -6.242387
5800                  0.266178         2.198412        -6.300172
5850                  0.266888         2.197986        -6.216273
5900                  0.265785         2.196090        -6.339377
5950                  0.266848         2.195135        -6.229801
6000                  0.266018         2.193400        -6.300364
6050                  0.266065         2.191018        -6.314897
6100                  0.266347         2.189466        -6.275118
6150                  0.266867         2.189854        -6.223805
6200                  0.266277         2.190354        -6.279468
6250                  0.266753         2.190171        -6.235796
6300                  0.266266         2.191854        -6.286393
6350                  0.266957         2.192636        -6.214482
6400                  0.266937         2.193931        -6.200626
6450                  0.267050         2.195333        -6.212249
6500                  0.266541         2.195440        -6.255917
6550                  0.266263         2.195184        -6.281697
6600                  0.266303         2.195207        -6.280574
6650                  0.266792         2.195349        -6.228007
6700                  0.266919         2.195567        -6.240034
6750                  0.267225         2.195821        -6.189033
6800                  0.266799         2.196480        -6.246176
6850                  0.266705         2.198420        -6.248034
6900                  0.266847         2.200671        -6.228303
6950                  0.266804         2.201279        -6.229312
7000                  0.266974         2.202528        -6.222568
7050                  0.267039         2.203362        -6.223193
7100                  0.266879         2.204153        -6.235705
7150                  0.266570         2.204856        -6.258403
7200                  0.267449         2.205525        -6.161287
7250                  0.266607         2.206469        -6.261836
7300                  0.266720         2.206579        -6.240420
7350                  0.267342         2.206921        -6.185732
7400                  0.266182         2.206133        -6.285624
7450                  0.266066         2.203871        -6.312147
7500                  0.266149         2.204070        -6.301138
7550                  0.267163         2.204232        -6.213933
7600                  0.266850         2.203951        -6.222902
7650                  0.267170         2.203435        -6.196261
7700                  0.266804         2.203612        -6.234937
7750                  0.266582         2.204256        -6.260527
7800                  0.266827         2.205138        -6.237984
7850                  0.266967         2.205503        -6.213585
7900                  0.265789         2.204905        -6.323046
7950                  0.266731         2.203777        -6.231853
8000                  0.267435         2.205044        -6.175389
8050                  0.267133         2.205519        -6.195380
8100                  0.267266         2.205710        -6.190047
8150                  0.267180         2.205818        -6.196568
8200                  0.266770         2.206176        -6.216677
8250                  0.266961         2.205852        -6.217164
8300                  0.265914         2.204463        -6.299382
8350                  0.266650         2.203986        -6.256099
8400                  0.266520         2.204109        -6.257095
8450                  0.266505         2.204545        -6.268684
8500                  0.267133         2.204018        -6.191737
8550                  0.266861         2.203884        -6.220652
8600                  0.267013         2.204305        -6.209825
8650                  0.267120         2.205253        -6.195216
8700                  0.266538         2.205854        -6.261077
8750                  0.266331         2.206467        -6.297517
8800                  0.266871         2.206977        -6.237785
8850                  0.266489         2.207383        -6.265002
8900                  0.266902         2.207743        -6.215387
8950                  0.266700         2.207048        -6.251126
9000                  0.267325         2.208809        -6.183695
9050                  0.266200         2.209434        -6.289081
9100                  0.267328         2.210245        -6.183522
9150                  0.266437         2.211164        -6.271025
9200                  0.266997         2.211390        -6.222955
9250                  0.266601         2.212180        -6.253034
9300                  0.266660         2.212102        -6.259442
9350                  0.267567         2.213625        -6.138998
9400                  0.266767         2.213914        -6.250075
9450                  0.267021         2.214249        -6.223422
9500                  0.266809         2.214315        -6.237903
9550                  0.266963         2.214781        -6.225345
9600                  0.267201         2.214939        -6.197524
9650                  0.267357         2.215671        -6.170285
9700                  0.266479         2.216473        -6.279355
9750                  0.267394         2.217084        -6.171493
9800                  0.266521         2.217086        -6.265533
9850                  0.266068         2.216274        -6.307265
9900                  0.267185         2.216244        -6.193541
9950                  0.267075         2.216366        -6.197492
10000                 0.266841         2.216176        -6.218468
10050                 0.266684         2.215573        -6.251082
10100                 0.266723         2.215557        -6.245812
10150                 0.266740         2.215655        -6.230971
10200                 0.266798         2.215958        -6.235332
10250                 0.267076         2.216792        -6.206869
10300                 0.266608         2.217136        -6.252660
10350                 0.266781         2.218096        -6.247130
10400                 0.266756         2.218511        -6.247166
10450                 0.266711         2.218873        -6.237392
10500                 0.266247         2.218739        -6.291751
10550                 0.266697         2.218711        -6.229533
10600                 0.266812         2.219309        -6.221665
10650                 0.266706         2.219511        -6.238120
10700                 0.266788         2.218725        -6.228222
10750                 0.266375         2.218547        -6.275308
10800                 0.267898         2.219110        -6.127940
10850                 0.266757         2.219379        -6.263056
10900                 0.266533         2.219932        -6.254448
10950                 0.266906         2.220623        -6.214554
11000                 0.267620         2.221480        -6.143732
11050                 0.266355         2.221497        -6.257625
11100                 0.267608         2.222004        -6.140507
11150                 0.267327         2.222932        -6.188897
11200                 0.266537         2.223119        -6.259476
11250                 0.267378         2.223785        -6.170896
11300                 0.267490         2.223589        -6.184273
11350                 0.266362         2.223833        -6.283834
11400                 0.267025         2.224034        -6.201774
11450                 0.266705         2.224145        -6.234451
11500                 0.266755         2.224123        -6.228849
11550                 0.266450         2.224538        -6.260676
11600                 0.267180         2.225174        -6.196614
11650                 0.267130         2.225831        -6.203548
11700                 0.265992         2.225637        -6.305641
11750                 0.266750         2.225630        -6.235849
11800                 0.266774         2.225629        -6.253853
11850                 0.266872         2.225355        -6.221464
11900                 0.267132         2.226003        -6.184979
11950                 0.267149         2.225673        -6.192541
12000                 0.266297         2.225350        -6.282570
12050                 0.267065         2.224748        -6.191093
12100                 0.266520         2.224600        -6.268928
12150                 0.266387         2.224162        -6.281673
12200                 0.266669         2.223444        -6.241105
12250                 0.266885         2.224188        -6.232581
12300                 0.267125         2.224108        -6.194867
12350                 0.266879         2.224514        -6.225535
12400                 0.266570         2.224346        -6.252604
12450                 0.266208         2.223842        -6.277647
12500                 0.266678         2.223379        -6.244918
12550                 0.267280         2.223908        -6.186488
12600                 0.267119         2.224268        -6.199125
12650                 0.266885         2.224764        -6.223466
12700                 0.267051         2.225190        -6.208937
12750                 0.266433         2.225343        -6.258315
12800                 0.266330         2.224998        -6.274887
12850                 0.266627         2.224993        -6.237351
12900                 0.266345         2.224892        -6.276547
12950                 0.266689         2.225709        -6.247918
13000                 0.267390         2.226190        -6.181940
13050                 0.267143         2.227051        -6.198376
13100                 0.267601         2.228372        -6.150962
13150                 0.266522         2.228896        -6.251174
13200                 0.266577         2.229034        -6.263855
13250                 0.266779         2.229226        -6.228413
13300                 0.267020         2.229359        -6.203945
13350                 0.267480         2.229660        -6.161793
13400                 0.267215         2.229830        -6.188403
13450                 0.267254         2.230019        -6.196316
13500                 0.267112         2.230084        -6.212544
13550                 0.266217         2.230304        -6.291662
13600                 0.266419         2.229962        -6.269414
13650                 0.266263         2.229233        -6.268214
13700                 0.267703         2.228723        -6.156489
13750                 0.266050         2.228613        -6.313647
13800                 0.266468         2.228120        -6.280178
13850                 0.266111         2.227865        -6.297113
13900                 0.266990         2.228155        -6.218988
13950                 0.266096         2.227858        -6.312892
14000                 0.266512         2.227722        -6.266756
14050                 0.266563         2.227139        -6.242303
14100                 0.266510         2.226570        -6.258200
14150                 0.266253         2.225841        -6.286376
14200                 0.266832         2.225244        -6.243220
14250                 0.266963         2.225161        -6.218293
14300                 0.266499         2.224682        -6.287740
14350                 0.266322         2.224296        -6.280951
14400                 0.266520         2.223853        -6.267461
14450                 0.266119         2.222480        -6.296001
14500                 0.266734         2.221887        -6.246283
14550                 0.267104         2.221235        -6.197530
14600                 0.266492         2.220349        -6.242740
14650                 0.266966         2.219690        -6.200862
14700                 0.266208         2.218766        -6.281088
14750                 0.265901         2.218022        -6.305210
14800                 0.266469         2.217158        -6.264123
14850                 0.265433         2.216551        -6.363462
14900                 0.266119         2.215664        -6.297282
14950                 0.266697         2.215016        -6.223579
15000                 0.267310         2.214694        -6.175794
15050                 0.266597         2.215169        -6.244958
15100                 0.267279         2.215605        -6.178286
15150                 0.267257         2.215737        -6.189426
15200                 0.267502         2.216046        -6.168202
15250                 0.266387         2.216503        -6.263603
15300                 0.266559         2.216552        -6.258272
15350                 0.267180         2.216767        -6.183800
15400                 0.266767         2.216801        -6.252475
15450                 0.265597         2.216528        -6.352685
15500                 0.266925         2.215498        -6.223740
15550                 0.266681         2.215786        -6.232913
15600                 0.266688         2.215776        -6.247099
15650                 0.266653         2.215507        -6.250562
15700                 0.266796         2.214906        -6.221680
15750                 0.266231         2.214718        -6.294686
15800                 0.266705         2.214650        -6.242096
15850                 0.266339         2.214380        -6.278692
15900                 0.266664         2.214848        -6.245817
15950                 0.266339         2.214883        -6.269543
16000                 0.267013         2.214717        -6.203253
16050                 0.266486         2.215054        -6.262510
16100                 0.266867         2.215249        -6.241879
16150                 0.266782         2.215244        -6.238683
16200                 0.266464         2.214332        -6.280364
16250                 0.266480         2.214380        -6.271040
16300                 0.266196         2.213859        -6.304538
16350                 0.266400         2.213422        -6.282725
16400                 0.266740         2.213062        -6.244250
16450                 0.266624         2.213092        -6.255777
16500                 0.266647         2.212869        -6.240345
16550                 0.266264         2.212551        -6.296089
16600                 0.266363         2.211995        -6.277866
16650                 0.267178         2.211944        -6.195782
16700                 0.267521         2.212466        -6.165899
16750                 0.267078         2.211946        -6.200747
16800                 0.265575         2.211404        -6.334765
16850                 0.267259         2.211076        -6.192721
16900                 0.266894         2.211497        -6.222015
16950                 0.265703         2.210684        -6.338707
17000                 0.266156         2.209856        -6.294860
17050                 0.267166         2.209771        -6.198843
17100                 0.267242         2.210051        -6.182131
17150                 0.266846         2.210291        -6.225851
17200                 0.266818         2.210017        -6.227414
17250                 0.266962         2.210284        -6.200245
17300                 0.267264         2.210767        -6.174435
17350                 0.266301         2.210337        -6.274839
17400                 0.266873         2.210000        -6.215897
17450                 0.266697         2.210354        -6.248324
17500                 0.266367         2.210226        -6.269066
17550                 0.266993         2.210297        -6.207577
17600                 0.266405         2.210485        -6.260319
17650                 0.267006         2.210815        -6.226556
17700                 0.266908         2.211004        -6.227637
17750                 0.266461         2.211041        -6.261351
17800                 0.266495         2.211114        -6.253418
17850                 0.266325         2.210480        -6.272729
17900                 0.266415         2.210273        -6.257644
17950                 0.266833         2.209487        -6.219214
18000                 0.266202         2.209533        -6.285096
18050                 0.266635         2.208978        -6.263014
18100                 0.266295         2.209017        -6.276822
18150                 0.266890         2.209272        -6.220823
18200                 0.266825         2.209111        -6.225249
18250                 0.266305         2.208899        -6.292319
18300                 0.266484         2.208711        -6.274394
18350                 0.267126         2.208441        -6.222541
18400                 0.266678         2.208003        -6.249839
18450                 0.267199         2.208412        -6.193720
18500                 0.266959         2.208782        -6.218516
18550                 0.266487         2.209072        -6.260211
18600                 0.266202         2.208785        -6.285164
18650                 0.266267         2.208296        -6.300367
18700                 0.266943         2.207846        -6.224406
18750                 0.265952         2.207628        -6.317475
18800                 0.267036         2.207843        -6.223626
18850                 0.266558         2.208055        -6.256245
18900                 0.266749         2.208502        -6.227038
18950                 0.266515         2.208414        -6.270437
19000                 0.267133         2.208619        -6.200397
19050                 0.266062         2.209075        -6.316144
19100                 0.267238         2.209037        -6.193664
19150                 0.266113         2.209066        -6.305124
19200                 0.267036         2.208942        -6.194348
19250                 0.266620         2.209012        -6.239934
19300                 0.266518         2.209027        -6.264264
19350                 0.265996         2.208448        -6.294006
19400                 0.266312         2.208320        -6.277375
19450                 0.266611         2.208262        -6.245805
19500                 0.266905         2.208196        -6.223300
19550                 0.266188         2.208283        -6.292338
19600                 0.266504         2.208439        -6.274289
19650                 0.266594         2.208287        -6.262574
19700                 0.265818         2.208142        -6.341591
19750                 0.266744         2.207741        -6.231148
19800                 0.266366         2.207222        -6.283796
19850                 0.265538         2.206678        -6.358727
19900                 0.266088         2.205996        -6.308895
19950                 0.267592         2.205663        -6.160462
20000                 0.266898         2.206037        -6.241861

    ***FINAL POSITIONS, XYZ Format***
500
You can copy these coordinates to a file to open in a viewer.
C	     2.152957	     0.922640	     7.624720
C	     2.595331	     0.186942	     2.675733
C	     4.392966	     6.416009	     2.729971
C	     4.731823	     2.443898	     0.022320
C	     7.979355	     2.948866	     1.275428
C	     4.717980	     6.076302	     5.467925
C	     6.054317	     7.399466	     6.503694
C	     3.175168	     3.514092	     4.076031
C	     7.415466	     5.985207	     5.672944
C	     0.203137	     5.213584	     2.623033
C	     6.045624	     4.811478	     3.593770
C	     4.272600	     1.263062	     0.022059
C	     8.112119	     6.223173	     6.666724
C	     1.652270	     3.814527	     0.527971
C	     0.826316	     2.266824	     3.950491
C	     2.222536	     5.943494	     3.645361
C	     6.883381	     2.769617	     0.540174
C	     4.460263	     7.050367	     7.786394
C	     3.742813	     2.108547	     3.160518
C	     1.628649	     8.054682	     4.782455
C	     5.626105	     5.773067	     3.703763
C	     4.053108	     6.780089	     5.568219
C	     0.750153	     0.379536	     5.267502
C	     5.644668	     3.776698	     4.420557
C	     2.760668	     1.411936	     0.179456
C	     6.492254	     4.963855	     0.052049
C	     0.062778	     3.608736	     0.441379
C	     5.479475	     7.757845	     7.643028
C	     7.029453	     6.827438	     8.027787
C	     7.837859	     6.998305	     7.320489
C	     3.626618	     1.525740	     0.763998
C	     0.257282	     7.080227	     2.056960
C	     5.399297	     2.939942	     7.597064
C	     8.141858	     5.396195	     1.530225
C	     1.744465	     6.185405	     1.530072
C	     1.785798	     5.529866	     6.285751
C	     1.253537	     2.147922	     4.873043
C	     1.504148	     0.254319	     7.124802
C	     4.001058	     0.637882	     1.042801
C	     0.824763	     3.509260	     1.184966
C	     3.973617	     5.696256	     2.042355
C	     7.671256	     1.687058	     0.016307
C	     4.498450	     4.180374	     3.168786
C	     5.489577	     4.066935	     7.344020
C	     5.650242	     2.780314	     5.287234
C	     3.060198	     0.424340	     5.980246
C	     4.586222	     2.704389	     2.904141
C	     2.828820	     0.933899	     1.070485
C	     2.140661	     5.558808	     7.339757
C	     7.689914	     0.973171	     4.780322
C	     3.469107	     1.408650	     5.228628
C	     5.636282	     0.137083	     1.615668
C	     2.857480	     6.102369	     7.782217
C	     5.073319	     4.587454	     3.981832
C	     5.701966	     2.617669	     6.321298
C	     5.398075	     0.878842	     0.814968
C	     5.652690	     0.738058	     3.310547
C	     7.415190	     7.690946	     0.691507
C	     4.799377	     0.378511	     2.394593
C	     7.743678	     6.886106	     5.290393
C	     0.863615	     1.025617	     6.456972
C	     2.191955	     4.232607	     2.252757
C	     3.279670	     4.819945	     5.575871
C	     7.078087	     6.847883	     4.525359
C	     0.491814	     7.699840	     7.445251
C	     0.253337	     1.281128	     5.696248
C	     5.788698	     8.135149	     2.584801
C	     5.659018	     4.964093	     5.120343
C	     3.893221	     7.997098	     7.745783
C	     5.493671	     1.387435	     7.914467
C	     0.774645	     6.797831	     8.205208
C	     6.940265	     0.952017	     3.582577
C	     6.041755	     5.147686	     2.014818
C	     7.264871	     1.937154	     2.922880
C	     3.348722	     1.872795	     1.765552
C	     3.527825	     7.576782	     5.432519
C	     6.269314	     1.558967	     3.031520
C	     3.526258	     3.177770	     3.068746
C	     6.260140	     6.873211	     7.364516
C	     0.450114	     8.216589	     6.401296
C	     5.212446	     5.037467	     8.030999
C	     1.478533	     3.978101	     3.627927
C	     7.267216	     1.306855	     5.833181
C	     4.640811	     1.711349	     0.842760
C	     5.502829	     7.815081	     3.738354
C	     3.240078	     5.955561	     2.979322
C	     7.798536	     7.095958	     2.772012
C	     7.839896	     7.404241	     6.118063
C	     3.552797	     7.966720	     0.406015
C	     3.864114	     0.304542	     5.466978
C	     6.069148	     1.502411	     4.123370
C	     4.020679	     3.110607	     2.118730
C	     3.530145	     4.997938	     6.602883
C	     3.126316	     4.164470	     1.483747
C	     3.351469	     2.322158	     5.641549
C	     2.506109	     3.978190	     5.645346
C	     4.597183	     7.868030	     6.982998
C	     1.289775	     0.763546	     0.117694
C	     6.026453	     7.218208	     3.143450
C	     5.179923	     1.880088	     5.644983
C	     7.383604	     0.077844	     1.885741
C	     0.624021	     4.393299	     4.161774
C	     2.483784	     6.916344	     4.000211
C	     5.806390	     2.862445	     3.966018
C	     3.164881	     5.103676	     3.536132
C	     8.069576	     3.834928	     6.200984
C	     3.418074	     7.230951	     1.136105
C	     0.612061	     2.033906	     6.586452
C	     2.503070	     0.685688	     3.595067
C	     0.961988	     7.589536	     3.382963
C	     6.771468	     3.065610	     3.141756
C	     6.300891	     2.346023	     4.675184
C	     6.751524	     1.652318	     6.640170
C	     7.996402	     2.601557	     0.265084
C	     0.158666	     4.390682	     5.212563
C	     7.817146	     0.429922	     5.684651
C	     2.642955	     6.843453	     1.635602
C	     3.044008	     2.351359	     4.477561
C	     3.771767	     1.622522	     4.196784
C	     7.330269	     2.080250	     5.071560
C	     2.725019	     2.717640	     3.557362
C	     5.022992	     3.774291	     5.314643
C	     1.017428	     3.475224	     2.515815
C	     0.790020	     5.276704	     4.828698
C	     2.722059	     5.275137	     4.483943
C	     3.749942	     6.239084	     1.183163
C	     7.845268	     4.805778	     3.520092
C	     4.327441	     6.894538	     6.553919
C	     0.961083	     3.145014	     4.829129
C	     3.892557	     2.815400	     7.523283
C	     4.661604	     2.785516	     1.031274
C	     6.103213	     6.761295	     4.064063
C	     0.035751	     0.056422	     4.607332
C	     4.336789	     4.655068	     0.068572
C	     2.375958	     4.157359	     4.564389
C	     6.619375	     4.309368	     7.481761
C	     7.582062	     0.763231	     7.633023
C	     5.583942	     2.742246	     2.883811
C	     7.302114	     0.143486	     4.210147
C	     0.774653	     5.754711	     6.479619
C	     6.899313	     0.408708	     5.208034
C	     8.155271	     3.624192	     4.550758
C	     5.378738	     7.456054	     1.964385
C	     7.652349	     1.845302	     4.008074
C	     2.400837	     1.305676	     4.562574
C	     1.437237	     7.451870	     5.783153
C	     3.510380	     0.675816	     0.074840
C	     0.249802	     5.657731	     5.601298
C	     5.346071	     1.814945	     2.417788
C	     7.510375	     2.351876	     2.036451
C	     6.276330	     3.549632	     2.399096
C	     6.040708	     8.173144	     5.423323
C	     4.703666	     0.066018	     0.183542
C	     5.943936	     2.170228	     7.260049
C	     0.564961	     2.539099	     2.771538
C	     7.721946	     4.640513	     4.553314
C	     3.541872	     7.038554	     7.170712
C	     6.339128	     3.368445	     6.990007
C	     7.501040	     1.926882	     7.185653
C	     5.431860	     6.403279	     2.534234
C	     2.736288	     3.203336	     4.896189
C	     2.004672	     2.220345	     8.159192
C	     2.479700	     6.946220	     7.053811
C	     2.916096	     1.136503	     2.496144
C	     3.919512	     0.964917	     2.078891
C	     1.560529	     8.102612	     2.620810
C	     6.113997	     1.204597	     1.973406
C	     1.853283	     5.724012	     2.603917
C	     3.085884	     4.092673	     6.751723
C	     0.279383	     5.202142	     7.227415
C	     3.596961	     6.670114	     2.103796
C	     1.423525	     4.303327	     5.076492
C	     6.706792	     5.309883	     1.202797
C	     4.280437	     6.258914	     0.265213
C	     2.905455	     3.590794	     0.628112
C	     2.587176	     2.095546	     0.969673
C	     4.818764	     1.067970	     1.678179
C	     0.677259	     6.190261	     1.092693
C	     2.204343	     3.385600	     6.572829
C	     5.007837	     5.959697	     6.475383
C	     3.029831	     7.539658	     2.400149
C	     8.141140	     0.853681	     3.851620
C	     3.436382	     4.183736	     3.114036
C	     5.570183	     1.095476	     5.066534
C	     1.203135	     5.879693	     5.546658
C	     4.012740	     3.577604	     6.783468
C	     8.068278	     2.614343	     7.478999
C	     4.947935	     3.384248	     3.680107
C	     6.922937	     6.252620	     1.861107
C	     1.793506	     2.878098	     3.089919
C	     6.370576	     6.074439	     4.760915
C	     4.564652	     6.756497	     1.729605
C	     5.300411	     3.951545	     2.508629
C	     6.886101	     4.031216	     3.998053
C	     1.170513	     5.383366	     3.369686
C	     0.441725	     4.511794	     1.016289
C	     1.457713	     1.917968	     2.738173
C	     7.849557	     3.985835	     1.514620
C	     4.878465	     2.976115	     4.620346
C	     5.088765	     3.377567	     6.678572
C	     0.585085	     0.408321	     3.122976
C	     3.264550	     5.333749	     1.349393
C	     0.828770	     4.882921	     5.898470
C	     2.326794	     7.879551	     5.963639
C	     4.109153	     4.094783	     2.182092
C	     1.675568	     5.191146	     4.361867
C	     0.423901	     3.086026	     6.656269
C	     3.173751	     6.812855	     6.203758
C	     8.072505	     1.184498	     6.620977
C	     0.633409	     4.235007	     6.748523
C	     2.321279	     4.501547	     0.863982
C	     0.419955	     7.313646	     4.315234
C	     2.643709	     1.931876	     7.307868
C	     0.292688	     6.303904	     4.788309
C	     1.141374	     6.156262	     4.212921
C	     5.302312	     5.130712	     6.923466
C	     7.532161	     0.244732	     3.020194
C	     7.772159	     3.812529	     3.476551
C	     2.501566	     3.754176	     3.141726
C	     1.099856	     3.072528	     0.054090
C	     5.906491	     2.431843	     0.239803
C	     5.679759	     4.780996	     0.795085
C	     7.241632	     3.006578	     4.457019
C	     4.768500	     5.945497	     7.518950
C	     2.809797	     7.634993	     7.894308
C	     7.006539	     6.171726	     7.114596
C	     6.333419	     5.618620	     2.977856
C	     4.218673	     2.124004	     5.008906
C	     4.301008	     7.744201	     4.781635
C	     6.856797	     4.651796	     3.044090
C	     3.519584	     6.847609	     8.167483
C	     4.983196	     4.810096	     1.889389
C	     3.888060	     8.126675	     2.545055
C	     7.597687	     5.668978	     3.127817
C	     5.867437	     3.646446	     5.959292
C	     6.876272	     7.968685	     6.131091
C	     1.794363	     0.873244	     2.552137
C	     0.500105	     1.517701	     3.206626
C	     4.097898	     0.402025	     6.437126
C	     4.013960	     5.965330	     6.426992
C	     3.215660	     0.701409	     7.318505
C	     3.216302	     4.548593	     0.497813
C	     1.728827	     7.108042	     2.307064
C	     6.792688	     6.729934	     0.803389
C	     4.633353	     0.964266	     5.047550
C	     7.040902	     7.408234	     3.568078
C	     4.676137	     1.340395	     4.049176
C	     6.518981	     4.082576	     0.846681
C	     7.875338	     1.134871	     2.644431
C	     6.967324	     0.224495	     0.074580
C	     6.212964	     6.066353	     0.304503
C	     2.182274	     4.906168	     5.285959
C	     7.240202	     1.310500	     1.807214
C	     0.933601	     6.346621	     2.216836
C	     2.204327	     5.276069	     1.633437
C	     5.483969	     1.266286	     6.950725
C	     5.297093	     3.542630	     0.359839
C	     2.155604	     1.538124	     1.856800
C	     3.311336	     4.035032	     4.880851
C	     7.015509	     7.762980	     7.400429
C	     3.669306	     5.740000	     5.217107
C	     6.882816	     2.491786	     7.767461
C	     6.896210	     5.965742	     3.842517
C	     4.134513	     5.272089	     3.072528
C	     3.443815	     7.844068	     6.517623
C	     0.956855	     2.019315	     0.066429
C	     4.441903	     1.266858	     2.992883
C	     0.480983	     2.430742	     5.614001
C	     2.599537	     4.926899	     6.315408
C	     3.826726	     3.117647	     5.044656
C	     0.377030	     6.437365	     3.194022
C	     2.149895	     6.682817	     5.729330
C	     0.827881	     0.962019	     2.187350
C	     7.331240	     5.226121	     2.233768
C	     4.469018	     2.759382	     5.901083
C	     7.724993	     4.241350	     2.531578
C	     8.081206	     6.179077	     2.224004
C	     2.210753	     7.618801	     3.147605
C	     4.326780	     5.997940	     3.806459
C	     6.605314	     1.316768	     4.964534
C	     0.642254	     6.610328	     7.232246
C	     3.241459	     2.801101	     1.298189
C	     6.165750	     4.466350	     6.578091
C	     6.669223	     1.436481	     7.624206
C	     4.747836	     3.899333	     1.297712
C	     2.478988	     2.055094	     2.834216
C	     2.135270	     4.828703	     3.536521
C	     6.032384	     0.825558	     6.015928
C	     6.536976	     2.190216	     1.242037
C	     6.792406	     7.830621	     2.621005
C	     7.609313	     4.777172	     0.881946
C	     1.025158	     5.394289	     1.862614
C	     4.903174	     7.462562	     2.833285
C	     7.864754	     7.853239	     7.936598
C	     1.187368	     1.741941	     1.566343
C	     1.347377	     4.651268	     2.566535
C	     1.840752	     7.718706	     7.992444
C	     6.682436	     4.964465	     4.350138
C	     3.011487	     6.439078	     4.986528
C	     6.511199	     0.014480	     3.602365
C	     6.594966	     0.621168	     2.665914
C	     2.943812	     3.156325	     7.267893
C	     5.767539	     5.412471	     6.061198
C	     2.766479	     6.038238	     6.763411
C	     5.415654	     6.717904	     8.056909
C	     3.311485	     3.363687	     5.980904
C	     6.358935	     7.593044	     0.375853
C	     6.989663	     3.849070	     6.208446
C	     0.289449	     1.593836	     0.765909
C	     4.244349	     1.127074	     7.102814
C	     0.438025	     4.322101	     3.118313
C	     0.098811	     0.633110	     0.260082
C	     4.410839	     4.490665	     6.950573
C	     1.262403	     2.716999	     1.881527
C	     4.506628	     5.104737	     5.898383
C	     4.426798	     2.037557	     1.976720
C	     4.209647	     4.121610	     5.941720
C	     8.139918	     0.798314	     1.698498
C	     5.895539	     4.086703	     1.719248
C	     5.902153	     5.920902	     1.357551
C	     4.754898	     5.449958	     4.567096
C	     6.996908	     3.253516	     1.642117
C	     7.810659	     8.175635	     6.902338
C	     4.445197	     7.851708	     1.655650
C	     4.019714	     2.905101	     3.940572
C	     8.118799	     7.777016	     3.526799
C	     5.925318	     5.893395	     7.436000
C	     3.329616	     6.023159	     4.079518
C	     4.284411	     7.517952	     3.710232
C	     1.508167	     0.335824	     6.008832
C	     3.221633	     1.439075	     6.591839
C	     2.029179	     5.970873	     4.940931
C	     1.819424	     3.294388	     5.236207
C	     0.272461	     1.673853	     7.561044
C	     0.089033	     5.501665	     0.557212
C	     4.312123	     4.540775	     4.995355
C	     5.985674	     0.555979	     8.105279
C	     7.549713	     5.270691	     7.814856
C	     0.010259	     6.034048	     7.833190
C	     4.931713	     1.085519	     6.182742
C	     1.570633	     6.463527	     6.599961
C	     7.523902	     1.975388	     1.133028
C	     2.982862	     2.719030	     0.002780
C	     1.963127	     0.596065	     1.515420
C	     7.241436	     5.947603	     0.355769
C	     4.351841	     7.239511	     0.686873
C	     1.228233	     5.110327	     7.146295
C	     5.231096	     2.056984	     4.563716
C	     8.145560	     3.304003	     2.377638
C	     6.223635	     1.901336	     5.825014
C	     4.098473	     1.719363	     6.079098
C	     6.406503	     3.426606	     8.125842
C	     2.933392	     3.334105	     2.172694
C	     6.747298	     1.477185	     0.526178
C	     3.552356	     0.846417	     3.378529
C	     7.496120	     3.145118	     6.846966
C	     7.483813	     7.319158	     1.634688
C	     6.692025	     5.087558	     5.573446
C	     1.589781	     4.272388	     6.194760
C	     0.923766	     8.098177	     1.774269
C	     0.640870	     3.483845	     3.788881
C	     4.313407	     3.798283	     4.364612
C	     4.782772	     2.011953	     7.064150
C	     7.736289	     2.219194	     6.096269
C	     8.002178	     2.705784	     3.510959
C	     7.625699	     4.334603	     7.245850
C	     3.180809	     4.901221	     2.455294
C	     7.770306	     6.637954	     3.850881
C	     4.357953	     7.683856	     5.901716
C	     1.335360	     4.350416	     1.469501
C	     2.561816	     6.647631	     2.781503
C	     4.181776	     6.655781	     4.587867
C	     0.094405	     8.183487	     1.169537
C	     1.919166	     2.168229	     4.060932
C	     3.845068	     2.437105	     0.462268
C	     2.413661	     2.179133	     6.322778
C	     1.033252	     3.986972	     7.818607
C	     6.407476	     4.240053	     5.036474
C	     3.566069	     1.887561	     7.738376
C	     5.512023	     6.915989	     5.609471
C	     1.615083	     0.879750	     5.100870
C	     2.197942	     3.574364	     1.446780
C	     2.441987	     0.344614	     5.077364
C	     0.160421	     2.558623	     4.612591
C	     1.243688	     1.468695	     7.439206
C	     2.539096	     7.534894	     0.743056
C	     0.059325	     4.568777	     8.124760
C	     1.519899	     7.242249	     4.138171
C	     1.302454	     3.583952	     6.849177
C	     3.082522	     4.915898	     7.584395
C	     3.260741	     0.643556	     4.557325
C	     3.916696	     3.557385	     0.686683
C	     1.485030	     1.255511	     3.501003
C	     5.363110	     7.776664	     0.690422
C	     1.753542	     1.499435	     0.708770
C	     0.837109	     3.590649	     5.802802
C	     1.854577	     1.205700	     6.667740
C	     1.322900	     1.749184	     5.877068
C	     5.253761	     7.434444	     4.691773
C	     5.122410	     6.772104	     3.669280
C	     5.460614	     2.122957	     1.232923
C	     6.544450	     7.801313	     1.394346
C	     3.526422	     6.904741	     3.254079
C	     1.975559	     3.180749	     4.202092
C	     1.662789	     6.677711	     3.194503
C	     0.065117	     3.607319	     7.533531
C	     4.221128	     4.828915	     1.055146
C	     7.700540	     6.194281	     1.227863
C	     7.051132	     0.651906	     6.671887
C	     1.469232	     2.817115	     6.059591
C	     2.269149	     0.426814	     0.327459
C	     5.156838	     0.367278	     4.272043
C	     3.396068	     2.511457	     6.621094
C	     4.178629	     0.432249	     4.307173
C	     1.144185	     5.281287	     0.742935
C	     6.674152	     3.182892	     5.348249
C	     7.021680	     5.172648	     6.769297
C	     0.639747	     8.010061	     0.187293
C	     4.748315	     0.167125	     3.397185
C	     5.256787	     6.851973	     7.046245
C	     0.902814	     0.506616	     4.158875
C	     0.628738	     2.521300	     1.047928
C	     2.485886	     3.935126	     7.882657
C	     3.361952	     7.366194	     4.334464
C	     5.253094	     5.805053	     0.502235
C	     5.227011	     5.187889	     2.912148
C	     1.524681	     8.095022	     0.772737
C	     6.391673	     7.073852	     2.119923
C	     5.880929	     3.188753	     1.183437
C	     0.304895	     0.622276	     7.380141
C	     7.394763	     3.958645	     5.245887
C	     0.471172	     7.615282	     5.564927
C	     2.539334	     7.427250	     5.039742
C	     7.601901	     5.765032	     4.535351
C	     3.326392	     8.013533	     3.394777
C	     2.528907	     1.320387	     5.854474
C	     2.877387	     1.658470	     3.724701
C	     5.018343	     0.112156	     5.315423
C	     1.668865	     2.216634	     6.936050
C	     2.835942	     5.917922	     2.094953
C	     3.684450	     5.517564	     0.472381
C	     5.435839	     8.146964	     6.251628
C	     2.266944	     2.227110	     5.249068
C	     0.083763	     8.157857	     2.399212
C	     5.939078	     0.382534	     7.016051
C	     8.012865	     6.822502	     0.337238
C	     2.443821	     2.506615	     1.910485
C	     0.241500	     5.596356	     3.938717
C	     5.606694	     6.816005	     0.965594
C	     7.687758	     4.744327	     5.956570
C	     0.740509	     6.729322	     6.058527
C	     0.610768	     7.308441	     0.973608
C	     3.910073	     5.005916	     4.156529
C	     1.677817	     2.811191	     0.921474
C	     6.522602	     0.553954	     0.999275
C	     0.827184	     0.860945	     1.168828
C	     7.423035	     7.847064	     5.158569
C	     0.198386	     1.884085	     1.968778
C	     1.243776	     6.772855	     5.067609
C	     4.724953	     5.739664	     1.349445
C	     5.166711	     2.053155	     3.540397
C	     3.764272	     5.867887	     7.450169
C	     1.688604	     6.828865	     0.649010
C	     1.842835	     6.449369	     7.869402
C	     6.074739	     6.260755	     6.438955
C	     0.491346	     4.447636	     1.988782
C	     4.529362	     3.730625	     7.931711
C	     1.609657	     0.121240	     3.587043
C	     0.935642	     5.772670	     8.082242
C	     3.507386	     3.821708	     8.030175
C	     7.561489	     0.782105	     0.830901
C	     2.245071	     5.609538	     0.616300
C	     2.020807	     4.272430	     7.117544
C	     5.182677	     4.429176	     6.138636
C	     0.386751	     1.422249	     4.623388
C	     6.633890	     6.817306	     5.505147
C	     5.025836	     0.424114	     7.525629
C	     6.679712	     2.238908	     3.783307
C	     7.787065	     3.001348	     5.399811
C	     7.439239	     4.017043	     0.048681
C	     6.786071	     2.729062	     6.257470
C	     7.021341	     6.440722	     2.868588
C	     5.320136	     6.260263	     4.663527
C	     2.684759	     5.807307	     5.812965
C	     6.479181	     2.398844	     2.201762
C	     6.491927	     7.688440	     4.598644
C	     2.868294	     6.379347	     0.750800
C	     1.931370	     3.084495	     7.586353
C	     0.896728	     2.559400	     7.410379
C	     6.218498	     0.528850	     4.435255
C	     1.769110	     4.815471	     8.063133
C	     5.024810	     3.044662	     1.970664
C	     7.001941	     7.031498	     6.668877
C	     5.895898	     3.748467	     3.415966
C	     2.536219	     0.031694	     7.039195
C	     3.194585	     8.116703	     1.529950
C	     6.816987	     4.471091	     1.790669
C	     1.439019	     7.562370	     6.787482
C	     2.022913	     7.822349	     1.658496
C	     2.479316	     8.085323	     4.139406

***Radial Distribution Function***

1         	     0.816000	     0.000000
2         	     0.848000	     0.000000
3         	     0.880000	     0.000107
4         	     0.912000	     0.013553
5         	     0.944000	     0.192238
6         	     0.976000	     0.879433
7         	     1.008000	     1.974202
8         	     1.040000	     2.832485
9         	     1.072000	     3.075538
10        	     1.104000	     2.875348
11        	     1.136000	     2.474575
12        	     1.168000	     2.039658
13        	     1.200000	     1.663656
14        	     1.232000	     1.363278
15        	     1.264000	     1.128835
16        	     1.296000	     0.952463
17        	     1.328000	     0.821419
18        	     1.360000	     0.721219
19        	     1.392000	     0.652751
20        	     1.424000	     0.602666
21        	     1.456000	     0.567070
22        	     1.488000	     0.552907
23        	     1.520000	     0.547835
24        	     1.552000	     0.552194
25        	     1.584000	     0.570397
26        	     1.616000	     0.598436
27        	     1.648000	     0.641881
28        	     1.680000	     0.693707
29        	     1.712000	     0.764871
30        	     1.744000	     0.843161
31        	     1.776000	     0.923046
32        	     1.808000	     1.005156
33        	     1.840000	     1.081992
34        	     1.872000	     1.142424
35        	     1.904000	     1.197743
36        	     1.936000	     1.231650
37        	     1.968000	     1.264009
38        	     2.000000	     1.282990
39        	     2.032000	     1.298251
40        	     2.064000	     1.293815
41        	     2.096000	     1.278307
42        	     2.128000	     1.243431
43        	     2.160000	     1.192172
44        	     2.192000	     1.135413
45        	     2.224000	     1.074954
46        	     2.256000	     1.017990
47        	     2.288000	     0.961704
48        	     2.320000	     0.910303
49        	     2.352000	     0.875003
50        	     2.384000	     0.840414
51        	     2.416000	     0.818275
52        	     2.448000	     0.807205
53        	     2.480000	     0.804178
54        	     2.512000	     0.810108
55        	     2.544000	     0.826103
56        	     2.576000	     0.845919
57        	     2.608000	     0.875239
58        	     2.640000	     0.906818
59        	     2.672000	     0.944928
60        	     2.704000	     0.981395
61        	     2.736000	     1.015935
62        	     2.768000	     1.049605
63        	     2.800000	     1.079369
64        	     2.832000	     1.101018
65        	     2.864000	     1.118277
66        	     2.896000	     1.124898
67        	     2.928000	     1.125126
68        	     2.960000	     1.117859
69        	     2.992000	     1.107823
70        	     3.024000	     1.089692
71        	     3.056000	     1.075051
72        	     3.088000	     1.056994
73        	     3.120000	     1.038705
74        	     3.152000	     1.019207
75        	     3.184000	     1.000434
76        	     3.216000	     0.983198
77        	     3.248000	     0.967173
78        	     3.280000	     0.950020
79        	     3.312000	     0.937053
80        	     3.344000	     0.927957
81        	     3.376000	     0.921223
82        	     3.408000	     0.920038
83        	     3.440000	     0.923105
84        	     3.472000	     0.928689
85        	     3.504000	     0.934858
86        	     3.536000	     0.947472
87        	     3.568000	     0.963804
88        	     3.600000	     0.977624
89        	     3.632000	     0.993241
90        	     3.664000	     1.009050
91        	     3.696000	     1.023007
92        	     3.728000	     1.034537
93        	     3.760000	     1.045743
94        	     3.792000	     1.051836
95        	     3.824000	     1.056629
96        	     3.856000	     1.056171
97        	     3.888000	     1.054333
98        	     3.920000	     1.048211
99        	     3.952000	     1.039876
100       	     3.984000	     1.034103

***Simulation Averages***

Temperature:                0.850000
Pressure:                   2.206037
Potential Energy:          -6.243413
Heat Capacity:              2.715970
Move Acceptance Rate:       0.299711
Final Max Displacement:     0.125566

Total Wall Time: 109.600000 minutes
