mc simulation of 500 LJ Particles at T*=0.8500 and rho*=0.9000

Input File:         .\mc\n500t085r09.input
Output File:        mc\n500t085r09.output

The movie interval was not specified in input file ".\mc\n500t085r09.input".
No movie file will be produced.

The initial coordinates were not specified in input file ".\mc\n500t085r09.input".
The default value of "generate" will be used.

The random number seed was specified in the input file.
Random Number Seed: -234


    ***Input Parameters***
sim         mc
N           500
temp        0.850000
rho         0.900000
esteps      500
psteps      2000
rcut        3.000000
dt          0.100000
coord       generate
rdf         0.800000  4.000000  100  25
seed        -234
output      50

Energy Tail Correction:    -0.279125
Pressure Tail Correction:  -0.502195

    ***INITIAL POSITIONS, XYZ Format***
500
You can copy these coordinates to a file to open in a viewer.
C	     0.000000	     0.000000	     0.000000
C	     0.000000	     0.822071	     0.822071
C	     0.822071	     0.000000	     0.822071
C	     0.822071	     0.822071	     0.000000
C	     1.644141	     0.000000	     0.000000
C	     1.644141	     0.822071	     0.822071
C	     2.466212	     0.000000	     0.822071
C	     2.466212	     0.822071	     0.000000
C	     3.288283	     0.000000	     0.000000
C	     3.288283	     0.822071	     0.822071
C	     4.110353	     0.000000	     0.822071
C	     4.110353	     0.822071	     0.000000
C	     4.932424	     0.000000	     0.000000
C	     4.932424	     0.822071	     0.822071
C	     5.754495	     0.000000	     0.822071
C	     5.754495	     0.822071	     0.000000
C	     6.576566	     0.000000	     0.000000
C	     6.576566	     0.822071	     0.822071
C	     7.398636	     0.000000	     0.822071
C	     7.398636	     0.822071	     0.000000
C	     0.000000	     1.644141	     0.000000
C	     0.000000	     2.466212	     0.822071
C	     0.822071	     1.644141	     0.822071
C	     0.822071	     2.466212	     0.000000
C	     1.644141	     1.644141	     0.000000
C	     1.644141	     2.466212	     0.822071
C	     2.466212	     1.644141	     0.822071
C	     2.466212	     2.466212	     0.000000
C	     3.288283	     1.644141	     0.000000
C	     3.288283	     2.466212	     0.822071
C	     4.110353	     1.644141	     0.822071
C	     4.110353	     2.466212	     0.000000
C	     4.932424	     1.644141	     0.000000
C	     4.932424	     2.466212	     0.822071
C	     5.754495	     1.644141	     0.822071
C	     5.754495	     2.466212	     0.000000
C	     6.576566	     1.644141	     0.000000
C	     6.576566	     2.466212	     0.822071
C	     7.398636	     1.644141	     0.822071
C	     7.398636	     2.466212	     0.000000
C	     0.000000	     3.288283	     0.000000
C	     0.000000	     4.110353	     0.822071
C	     0.822071	     3.288283	     0.822071
C	     0.822071	     4.110353	     0.000000
C	     1.644141	     3.288283	     0.000000
C	     1.644141	     4.110353	     0.822071
C	     2.466212	     3.288283	     0.822071
C	     2.466212	     4.110353	     0.000000
C	     3.288283	     3.288283	     0.000000
C	     3.288283	     4.110353	     0.822071
C	     4.110353	     3.288283	     0.822071
C	     4.110353	     4.110353	     0.000000
C	     4.932424	     3.288283	     0.000000
C	     4.932424	     4.110353	     0.822071
C	     5.754495	     3.288283	     0.822071
C	     5.754495	     4.110353	     0.000000
C	     6.576566	     3.288283	     0.000000
C	     6.576566	     4.110353	     0.822071
C	     7.398636	     3.288283	     0.822071
C	     7.398636	     4.110353	     0.000000
C	     0.000000	     4.932424	     0.000000
C	     0.000000	     5.754495	     0.822071
C	     0.822071	     4.932424	     0.822071
C	     0.822071	     5.754495	     0.000000
C	     1.644141	     4.932424	     0.000000
C	     1.644141	     5.754495	     0.822071
C	     2.466212	     4.932424	     0.822071
C	     2.466212	     5.754495	     0.000000
C	     3.288283	     4.932424	     0.000000
C	     3.288283	     5.754495	     0.822071
C	     4.110353	     4.932424	     0.822071
C	     4.110353	     5.754495	     0.000000
C	     4.932424	     4.932424	     0.000000
C	     4.932424	     5.754495	     0.822071
C	     5.754495	     4.932424	     0.822071
C	     5.754495	     5.754495	     0.000000
C	     6.576566	     4.932424	     0.000000
C	     6.576566	     5.754495	     0.822071
C	     7.398636	     4.932424	     0.822071
C	     7.398636	     5.754495	     0.000000
C	     0.000000	     6.576566	     0.000000
C	     0.000000	     7.398636	     0.822071
C	     0.822071	     6.576566	     0.822071
C	     0.822071	     7.398636	     0.000000
C	     1.644141	     6.576566	     0.000000
C	     1.644141	     7.398636	     0.822071
C	     2.466212	     6.576566	     0.822071
C	     2.466212	     7.398636	     0.000000
C	     3.288283	     6.576566	     0.000000
C	     3.288283	     7.398636	     0.822071
C	     4.110353	     6.576566	     0.822071
C	     4.110353	     7.398636	     0.000000
C	     4.932424	     6.576566	     0.000000
C	     4.932424	     7.398636	     0.822071
C	     5.754495	     6.576566	     0.822071
C	     5.754495	     7.398636	     0.000000
C	     6.576566	     6.576566	     0.000000
C	     6.576566	     7.398636	     0.822071
C	     7.398636	     6.576566	     0.822071
C	     7.398636	     7.398636	     0.000000
C	     0.000000	     0.000000	     1.644141
C	     0.000000	     0.822071	     2.466212
C	     0.822071	     0.000000	     2.466212
C	     0.822071	     0.822071	     1.644141
C	     1.644141	     0.000000	     1.644141
C	     1.644141	     0.822071	     2.466212
C	     2.466212	     0.000000	     2.466212
C	     2.466212	     0.822071	     1.644141
C	     3.288283	     0.000000	     1.644141
C	     3.288283	     0.822071	     2.466212
C	     4.110353	     0.000000	     2.466212
C	     4.110353	     0.822071	     1.644141
C	     4.932424	     0.000000	     1.644141
C	     4.932424	     0.822071	     2.466212
C	     5.754495	     0.000000	     2.466212
C	     5.754495	     0.822071	     1.644141
C	     6.576566	     0.000000	     1.644141
C	     6.576566	     0.822071	     2.466212
C	     7.398636	     0.000000	     2.466212
C	     7.398636	     0.822071	     1.644141
C	     0.000000	     1.644141	     1.644141
C	     0.000000	     2.466212	     2.466212
C	     0.822071	     1.644141	     2.466212
C	     0.822071	     2.466212	     1.644141
C	     1.644141	     1.644141	     1.644141
C	     1.644141	     2.466212	     2.466212
C	     2.466212	     1.644141	     2.466212
C	     2.466212	     2.466212	     1.644141
C	     3.288283	     1.644141	     1.644141
C	     3.288283	     2.466212	     2.466212
C	     4.110353	     1.644141	     2.466212
C	     4.110353	     2.466212	     1.644141
C	     4.932424	     1.644141	     1.644141
C	     4.932424	     2.466212	     2.466212
C	     5.754495	     1.644141	     2.466212
C	     5.754495	     2.466212	     1.644141
C	     6.576566	     1.644141	     1.644141
C	     6.576566	     2.466212	     2.466212
C	     7.398636	     1.644141	     2.466212
C	     7.398636	     2.466212	     1.644141
C	     0.000000	     3.288283	     1.644141
C	     0.000000	     4.110353	     2.466212
C	     0.822071	     3.288283	     2.466212
C	     0.822071	     4.110353	     1.644141
C	     1.644141	     3.288283	     1.644141
C	     1.644141	     4.110353	     2.466212
C	     2.466212	     3.288283	     2.466212
C	     2.466212	     4.110353	     1.644141
C	     3.288283	     3.288283	     1.644141
C	     3.288283	     4.110353	     2.466212
C	     4.110353	     3.288283	     2.466212
C	     4.110353	     4.110353	     1.644141
C	     4.932424	     3.288283	     1.644141
C	     4.932424	     4.110353	     2.466212
C	     5.754495	     3.288283	     2.466212
C	     5.754495	     4.110353	     1.644141
C	     6.576566	     3.288283	     1.644141
C	     6.576566	     4.110353	     2.466212
C	     7.398636	     3.288283	     2.466212
C	     7.398636	     4.110353	     1.644141
C	     0.000000	     4.932424	     1.644141
C	     0.000000	     5.754495	     2.466212
C	     0.822071	     4.932424	     2.466212
C	     0.822071	     5.754495	     1.644141
C	     1.644141	     4.932424	     1.644141
C	     1.644141	     5.754495	     2.466212
C	     2.466212	     4.932424	     2.466212
C	     2.466212	     5.754495	     1.644141
C	     3.288283	     4.932424	     1.644141
C	     3.288283	     5.754495	     2.466212
C	     4.110353	     4.932424	     2.466212
C	     4.110353	     5.754495	     1.644141
C	     4.932424	     4.932424	     1.644141
C	     4.932424	     5.754495	     2.466212
C	     5.754495	     4.932424	     2.466212
C	     5.754495	     5.754495	     1.644141
C	     6.576566	     4.932424	     1.644141
C	     6.576566	     5.754495	     2.466212
C	     7.398636	     4.932424	     2.466212
C	     7.398636	     5.754495	     1.644141
C	     0.000000	     6.576566	     1.644141
C	     0.000000	     7.398636	     2.466212
C	     0.822071	     6.576566	     2.466212
C	     0.822071	     7.398636	     1.644141
C	     1.644141	     6.576566	     1.644141
C	     1.644141	     7.398636	     2.466212
C	     2.466212	     6.576566	     2.466212
C	     2.466212	     7.398636	     1.644141
C	     3.288283	     6.576566	     1.644141
C	     3.288283	     7.398636	     2.466212
C	     4.110353	     6.576566	     2.466212
C	     4.110353	     7.398636	     1.644141
C	     4.932424	     6.576566	     1.644141
C	     4.932424	     7.398636	     2.466212
C	     5.754495	     6.576566	     2.466212
C	     5.754495	     7.398636	     1.644141
C	     6.576566	     6.576566	     1.644141
C	     6.576566	     7.398636	     2.466212
C	     7.398636	     6.576566	     2.466212
C	     7.398636	     7.398636	     1.644141
C	     0.000000	     0.000000	     3.288283
C	     0.000000	     0.822071	     4.110353
C	     0.822071	     0.000000	     4.110353
C	     0.822071	     0.822071	     3.288283
C	     1.644141	     0.000000	     3.288283
C	     1.644141	     0.822071	     4.110353
C	     2.466212	     0.000000	     4.110353
C	     2.466212	     0.822071	     3.288283
C	     3.288283	     0.000000	     3.288283
C	     3.288283	     0.822071	     4.110353
C	     4.110353	     0.000000	     4.110353
C	     4.110353	     0.822071	     3.288283
C	     4.932424	     0.000000	     3.288283
C	     4.932424	     0.822071	     4.110353
C	     5.754495	     0.000000	     4.110353
C	     5.754495	     0.822071	     3.288283
C	     6.576566	     0.000000	     3.288283
C	     6.576566	     0.822071	     4.110353
C	     7.398636	     0.000000	     4.110353
C	     7.398636	     0.822071	     3.288283
C	     0.000000	     1.644141	     3.288283
C	     0.000000	     2.466212	     4.110353
C	     0.822071	     1.644141	     4.110353
C	     0.822071	     2.466212	     3.288283
C	     1.644141	     1.644141	     3.288283
C	     1.644141	     2.466212	     4.110353
C	     2.466212	     1.644141	     4.110353
C	     2.466212	     2.466212	     3.288283
C	     3.288283	     1.644141	     3.288283
C	     3.288283	     2.466212	     4.110353
C	     4.110353	     1.644141	     4.110353
C	     4.110353	     2.466212	     3.288283
C	     4.932424	     1.644141	     3.288283
C	     4.932424	     2.466212	     4.110353
C	     5.754495	     1.644141	     4.110353
C	     5.754495	     2.466212	     3.288283
C	     6.576566	     1.644141	     3.288283
C	     6.576566	     2.466212	     4.110353
C	     7.398636	     1.644141	     4.110353
C	     7.398636	     2.466212	     3.288283
C	     0.000000	     3.288283	     3.288283
C	     0.000000	     4.110353	     4.110353
C	     0.822071	     3.288283	     4.110353
C	     0.822071	     4.110353	     3.288283
C	     1.644141	     3.288283	     3.288283
C	     1.644141	     4.110353	     4.110353
C	     2.466212	     3.288283	     4.110353
C	     2.466212	     4.110353	     3.288283
C	     3.288283	     3.288283	     3.288283
C	     3.288283	     4.110353	     4.110353
C	     4.110353	     3.288283	     4.110353
C	     4.110353	     4.110353	     3.288283
C	     4.932424	     3.288283	     3.288283
C	     4.932424	     4.110353	     4.110353
C	     5.754495	     3.288283	     4.110353
C	     5.754495	     4.110353	     3.288283
C	     6.576566	     3.288283	     3.288283
C	     6.576566	     4.110353	     4.110353
C	     7.398636	     3.288283	     4.110353
C	     7.398636	     4.110353	     3.288283
C	     0.000000	     4.932424	     3.288283
C	     0.000000	     5.754495	     4.110353
C	     0.822071	     4.932424	     4.110353
C	     0.822071	     5.754495	     3.288283
C	     1.644141	     4.932424	     3.288283
C	     1.644141	     5.754495	     4.110353
C	     2.466212	     4.932424	     4.110353
C	     2.466212	     5.754495	     3.288283
C	     3.288283	     4.932424	     3.288283
C	     3.288283	     5.754495	     4.110353
C	     4.110353	     4.932424	     4.110353
C	     4.110353	     5.754495	     3.288283
C	     4.932424	     4.932424	     3.288283
C	     4.932424	     5.754495	     4.110353
C	     5.754495	     4.932424	     4.110353
C	     5.754495	     5.754495	     3.288283
C	     6.576566	     4.932424	     3.288283
C	     6.576566	     5.754495	     4.110353
C	     7.398636	     4.932424	     4.110353
C	     7.398636	     5.754495	     3.288283
C	     0.000000	     6.576566	     3.288283
C	     0.000000	     7.398636	     4.110353
C	     0.822071	     6.576566	     4.110353
C	     0.822071	     7.398636	     3.288283
C	     1.644141	     6.576566	     3.288283
C	     1.644141	     7.398636	     4.110353
C	     2.466212	     6.576566	     4.110353
C	     2.466212	     7.398636	     3.288283
C	     3.288283	     6.576566	     3.288283
C	     3.288283	     7.398636	     4.110353
C	     4.110353	     6.576566	     4.110353
C	     4.110353	     7.398636	     3.288283
C	     4.932424	     6.576566	     3.288283
C	     4.932424	     7.398636	     4.110353
C	     5.754495	     6.576566	     4.110353
C	     5.754495	     7.398636	     3.288283
C	     6.576566	     6.576566	     3.288283
C	     6.576566	     7.398636	     4.110353
C	     7.398636	     6.576566	     4.110353
C	     7.398636	     7.398636	     3.288283
C	     0.000000	     0.000000	     4.932424
C	     0.000000	     0.822071	     5.754495
C	     0.822071	     0.000000	     5.754495
C	     0.822071	     0.822071	     4.932424
C	     1.644141	     0.000000	     4.932424
C	     1.644141	     0.822071	     5.754495
C	     2.466212	     0.000000	     5.754495
C	     2.466212	     0.822071	     4.932424
C	     3.288283	     0.000000	     4.932424
C	     3.288283	     0.822071	     5.754495
C	     4.110353	     0.000000	     5.754495
C	     4.110353	     0.822071	     4.932424
C	     4.932424	     0.000000	     4.932424
C	     4.932424	     0.822071	     5.754495
C	     5.754495	     0.000000	     5.754495
C	     5.754495	     0.822071	     4.932424
C	     6.576566	     0.000000	     4.932424
C	     6.576566	     0.822071	     5.754495
C	     7.398636	     0.000000	     5.754495
C	     7.398636	     0.822071	     4.932424
C	     0.000000	     1.644141	     4.932424
C	     0.000000	     2.466212	     5.754495
C	     0.822071	     1.644141	     5.754495
C	     0.822071	     2.466212	     4.932424
C	     1.644141	     1.644141	     4.932424
C	     1.644141	     2.466212	     5.754495
C	     2.466212	     1.644141	     5.754495
C	     2.466212	     2.466212	     4.932424
C	     3.288283	     1.644141	     4.932424
C	     3.288283	     2.466212	     5.754495
C	     4.110353	     1.644141	     5.754495
C	     4.110353	     2.466212	     4.932424
C	     4.932424	     1.644141	     4.932424
C	     4.932424	     2.466212	     5.754495
C	     5.754495	     1.644141	     5.754495
C	     5.754495	     2.466212	     4.932424
C	     6.576566	     1.644141	     4.932424
C	     6.576566	     2.466212	     5.754495
C	     7.398636	     1.644141	     5.754495
C	     7.398636	     2.466212	     4.932424
C	     0.000000	     3.288283	     4.932424
C	     0.000000	     4.110353	     5.754495
C	     0.822071	     3.288283	     5.754495
C	     0.822071	     4.110353	     4.932424
C	     1.644141	     3.288283	     4.932424
C	     1.644141	     4.110353	     5.754495
C	     2.466212	     3.288283	     5.754495
C	     2.466212	     4.110353	     4.932424
C	     3.288283	     3.288283	     4.932424
C	     3.288283	     4.110353	     5.754495
C	     4.110353	     3.288283	     5.754495
C	     4.110353	     4.110353	     4.932424
C	     4.932424	     3.288283	     4.932424
C	     4.932424	     4.110353	     5.754495
C	     5.754495	     3.288283	     5.754495
C	     5.754495	     4.110353	     4.932424
C	     6.576566	     3.288283	     4.932424
C	     6.576566	     4.110353	     5.754495
C	     7.398636	     3.288283	     5.754495
C	     7.398636	     4.110353	     4.932424
C	     0.000000	     4.932424	     4.932424
C	     0.000000	     5.754495	     5.754495
C	     0.822071	     4.932424	     5.754495
C	     0.822071	     5.754495	     4.932424
C	     1.644141	     4.932424	     4.932424
C	     1.644141	     5.754495	     5.754495
C	     2.466212	     4.932424	     5.754495
C	     2.466212	     5.754495	     4.932424
C	     3.288283	     4.932424	     4.932424
C	     3.288283	     5.754495	     5.754495
C	     4.110353	     4.932424	     5.754495
C	     4.110353	     5.754495	     4.932424
C	     4.932424	     4.932424	     4.932424
C	     4.932424	     5.754495	     5.754495
C	     5.754495	     4.932424	     5.754495
C	     5.754495	     5.754495	     4.932424
C	     6.576566	     4.932424	     4.932424
C	     6.576566	     5.754495	     5.754495
C	     7.398636	     4.932424	     5.754495
C	     7.398636	     5.754495	     4.932424
C	     0.000000	     6.576566	     4.932424
C	     0.000000	     7.398636	     5.754495
C	     0.822071	     6.576566	     5.754495
C	     0.822071	     7.398636	     4.932424
C	     1.644141	     6.576566	     4.932424
C	     1.644141	     7.398636	     5.754495
C	     2.466212	     6.576566	     5.754495
C	     2.466212	     7.398636	     4.932424
C	     3.288283	     6.576566	     4.932424
C	     3.288283	     7.398636	     5.754495
C	     4.110353	     6.576566	     5.754495
C	     4.110353	     7.398636	     4.932424
C	     4.932424	     6.576566	     4.932424
C	     4.932424	     7.398636	     5.754495
C	     5.754495	     6.576566	     5.754495
C	     5.754495	     7.398636	     4.932424
C	     6.576566	     6.576566	     4.932424
C	     6.576566	     7.398636	     5.754495
C	     7.398636	     6.576566	     5.754495
C	     7.398636	     7.398636	     4.932424
C	     0.000000	     0.000000	     6.576566
C	     0.000000	     0.822071	     7.398636
C	     0.822071	     0.000000	     7.398636
C	     0.822071	     0.822071	     6.576566
C	     1.644141	     0.000000	     6.576566
C	     1.644141	     0.822071	     7.398636
C	     2.466212	     0.000000	     7.398636
C	     2.466212	     0.822071	     6.576566
C	     3.288283	     0.000000	     6.576566
C	     3.288283	     0.822071	     7.398636
C	     4.110353	     0.000000	     7.398636
C	     4.110353	     0.822071	     6.576566
C	     4.932424	     0.000000	     6.576566
C	     4.932424	     0.822071	     7.398636
C	     5.754495	     0.000000	     7.398636
C	     5.754495	     0.822071	     6.576566
C	     6.576566	     0.000000	     6.576566
C	     6.576566	     0.822071	     7.398636
C	     7.398636	     0.000000	     7.398636
C	     7.398636	     0.822071	     6.576566
C	     0.000000	     1.644141	     6.576566
C	     0.000000	     2.466212	     7.398636
C	     0.822071	     1.644141	     7.398636
C	     0.822071	     2.466212	     6.576566
C	     1.644141	     1.644141	     6.576566
C	     1.644141	     2.466212	     7.398636
C	     2.466212	     1.644141	     7.398636
C	     2.466212	     2.466212	     6.576566
C	     3.288283	     1.644141	     6.576566
C	     3.288283	     2.466212	     7.398636
C	     4.110353	     1.644141	     7.398636
C	     4.110353	     2.466212	     6.576566
C	     4.932424	     1.644141	     6.576566
C	     4.932424	     2.466212	     7.398636
C	     5.754495	     1.644141	     7.398636
C	     5.754495	     2.466212	     6.576566
C	     6.576566	     1.644141	     6.576566
C	     6.576566	     2.466212	     7.398636
C	     7.398636	     1.644141	     7.398636
C	     7.398636	     2.466212	     6.576566
C	     0.000000	     3.288283	     6.576566
C	     0.000000	     4.110353	     7.398636
C	     0.822071	     3.288283	     7.398636
C	     0.822071	     4.110353	     6.576566
C	     1.644141	     3.288283	     6.576566
C	     1.644141	     4.110353	     7.398636
C	     2.466212	     3.288283	     7.398636
C	     2.466212	     4.110353	     6.576566
C	     3.288283	     3.288283	     6.576566
C	     3.288283	     4.110353	     7.398636
C	     4.110353	     3.288283	     7.398636
C	     4.110353	     4.110353	     6.576566
C	     4.932424	     3.288283	     6.576566
C	     4.932424	     4.110353	     7.398636
C	     5.754495	     3.288283	     7.398636
C	     5.754495	     4.110353	     6.576566
C	     6.576566	     3.288283	     6.576566
C	     6.576566	     4.110353	     7.398636
C	     7.398636	     3.288283	     7.398636
C	     7.398636	     4.110353	     6.576566
C	     0.000000	     4.932424	     6.576566
C	     0.000000	     5.754495	     7.398636
C	     0.822071	     4.932424	     7.398636
C	     0.822071	     5.754495	     6.576566
C	     1.644141	     4.932424	     6.576566
C	     1.644141	     5.754495	     7.398636
C	     2.466212	     4.932424	     7.398636
C	     2.466212	     5.754495	     6.576566
C	     3.288283	     4.932424	     6.576566
C	     3.288283	     5.754495	     7.398636
C	     4.110353	     4.932424	     7.398636
C	     4.110353	     5.754495	     6.576566
C	     4.932424	     4.932424	     6.576566
C	     4.932424	     5.754495	     7.398636
C	     5.754495	     4.932424	     7.398636
C	     5.754495	     5.754495	     6.576566
C	     6.576566	     4.932424	     6.576566
C	     6.576566	     5.754495	     7.398636
C	     7.398636	     4.932424	     7.398636
C	     7.398636	     5.754495	     6.576566
C	     0.000000	     6.576566	     6.576566
C	     0.000000	     7.398636	     7.398636
C	     0.822071	     6.576566	     7.398636
C	     0.822071	     7.398636	     6.576566
C	     1.644141	     6.576566	     6.576566
C	     1.644141	     7.398636	     7.398636
C	     2.466212	     6.576566	     7.398636
C	     2.466212	     7.398636	     6.576566
C	     3.288283	     6.576566	     6.576566
C	     3.288283	     7.398636	     7.398636
C	     4.110353	     6.576566	     7.398636
C	     4.110353	     7.398636	     6.576566
C	     4.932424	     6.576566	     6.576566
C	     4.932424	     7.398636	     7.398636
C	     5.754495	     6.576566	     7.398636
C	     5.754495	     7.398636	     6.576566
C	     6.576566	     6.576566	     6.576566
C	     6.576566	     7.398636	     7.398636
C	     7.398636	     6.576566	     7.398636
C	     7.398636	     7.398636	     6.576566


Iteration                P              P Ave.             PE

0                    -5.903173        -5.903173        -7.684344
50                   -0.423478        -1.132177        -6.716526
100                  -0.079797        -0.709250        -6.653148
150                   0.133860        -0.521999        -6.621192
200                  -0.228466        -0.431227        -6.693508
250                   0.282474        -0.347394        -6.592704
300                  -0.133946        -0.276714        -6.654590
350                   0.321789        -0.211917        -6.576510
400                  -0.044522        -0.171378        -6.648937
450                  -0.203423        -0.152642        -6.671799
500                   0.043602        -0.146457        -6.627484
50                    0.147706         0.029091        -6.606522
100                   0.184402         0.081312        -6.604640
150                  -0.318926         0.076259        -6.694405
200                   0.057172         0.092551        -6.627558
250                  -0.005795         0.118700        -6.640635
300                   0.220183         0.131241        -6.596895
350                   0.194905         0.124414        -6.605068
400                   0.091115         0.145372        -6.623589
450                   0.166985         0.138522        -6.598566
500                   0.019985         0.135074        -6.632397
550                   0.220546         0.130072        -6.599598
600                   0.098797         0.143246        -6.631302
650                   0.440722         0.159273        -6.564791
700                   0.335159         0.181776        -6.566913
750                   0.074755         0.188242        -6.621602
800                   0.020527         0.181270        -6.633723
850                  -0.213647         0.169694        -6.668073
900                   0.143347         0.171751        -6.609152
950                  -0.111517         0.168791        -6.657543
1000                 -0.274156         0.167128        -6.687042
1050                 -0.023514         0.160662        -6.637109
1100                 -0.036341         0.154902        -6.643767
1150                  0.267926         0.146264        -6.579358
1200                  0.515640         0.148908        -6.544467
1250                  0.206742         0.152452        -6.604467
1300                  0.460361         0.166233        -6.552909
1350                  0.080673         0.172257        -6.622732
1400                  0.453698         0.181702        -6.558276
1450                  0.118864         0.187099        -6.609248
1500                 -0.204364         0.186390        -6.673330
1550                  0.316088         0.186444        -6.572478
1600                 -0.079318         0.179867        -6.650246
1650                 -0.000659         0.177110        -6.632005
1700                  0.013930         0.174686        -6.640458
1750                  0.220062         0.178876        -6.603298
1800                  0.126821         0.178453        -6.618834
1850                  0.732911         0.179787        -6.491396
1900                  0.489243         0.183720        -6.558533
1950                  0.440904         0.185202        -6.562046
2000                  0.042059         0.183559        -6.633074

    ***FINAL POSITIONS, XYZ Format***
500
You can copy these coordinates to a file to open in a viewer.
C	     0.015958	     8.188956	     8.092055
C	     8.083197	     0.741559	     0.851734
C	     0.764650	     0.111834	     0.665961
C	     0.777898	     0.801191	     8.125897
C	     1.540706	     0.032185	     7.899676
C	     1.623307	     0.762777	     0.595414
C	     2.292375	     8.220104	     0.661241
C	     2.545840	     0.874072	     8.148904
C	     3.162261	     0.042212	     8.036853
C	     3.178337	     0.787644	     0.689697
C	     4.005266	     0.037261	     0.700323
C	     4.046323	     0.880337	     8.080281
C	     4.803580	     0.123372	     0.039609
C	     4.791463	     0.701674	     0.989863
C	     5.699841	     8.211342	     0.805161
C	     5.740314	     0.654582	     8.179680
C	     6.610789	     8.092640	     8.082296
C	     6.781030	     0.648366	     0.820350
C	     7.437000	     8.192258	     0.648883
C	     7.374189	     0.716680	     8.056828
C	     8.130164	     1.486280	     8.142794
C	     8.206762	     2.454638	     0.811933
C	     0.892103	     1.507309	     0.555819
C	     0.741853	     2.337601	     8.216898
C	     1.641366	     1.472160	     8.035376
C	     1.531484	     2.389019	     0.676041
C	     2.376690	     1.549402	     0.733455
C	     2.493024	     2.426724	     8.057842
C	     3.291409	     1.728024	     8.202897
C	     3.337803	     2.400014	     0.870006
C	     4.006232	     1.456968	     0.691465
C	     4.064527	     2.440125	     7.956464
C	     5.055594	     1.529490	     7.971080
C	     4.716135	     2.210095	     0.632229
C	     5.671414	     1.466757	     0.764535
C	     5.787703	     2.338419	     8.160575
C	     6.395436	     1.516377	     0.085142
C	     6.525077	     2.329561	     0.749603
C	     7.424171	     1.634050	     0.726503
C	     7.408155	     2.441066	     0.033580
C	     8.194438	     3.183485	     8.189230
C	     0.057702	     4.243212	     0.642862
C	     0.809412	     3.251263	     0.730522
C	     0.804933	     4.092853	     8.174500
C	     1.589611	     3.206789	     8.130394
C	     1.705430	     4.132210	     0.604784
C	     2.429999	     3.370169	     0.603684
C	     2.498590	     4.033482	     7.997874
C	     3.268042	     3.111003	     8.089432
C	     3.187913	     4.088583	     0.668024
C	     4.096686	     3.144151	     0.643091
C	     4.075569	     3.952915	     8.124075
C	     4.867921	     3.067041	     8.104778
C	     4.901923	     4.032583	     0.603555
C	     5.689020	     3.223155	     0.683629
C	     5.764668	     4.117267	     8.123942
C	     6.589719	     3.243442	     0.056310
C	     6.491854	     4.092768	     0.876545
C	     7.622770	     3.364719	     0.848484
C	     7.319074	     4.119692	     0.056424
C	     0.004966	     4.892593	     8.098412
C	     8.219143	     5.729021	     0.831137
C	     0.982767	     4.986635	     0.511394
C	     0.775820	     5.883402	     7.986612
C	     1.647761	     4.790334	     7.951859
C	     1.841597	     5.861669	     0.822169
C	     2.555308	     4.809349	     0.546782
C	     2.343437	     5.750849	     8.129977
C	     3.356147	     5.006392	     8.125151
C	     3.123885	     5.760669	     0.796880
C	     4.316804	     5.022964	     0.903044
C	     4.123885	     5.681676	     0.143621
C	     5.007194	     4.797519	     7.965916
C	     5.039843	     5.780261	     0.490794
C	     5.702140	     5.001183	     0.575714
C	     5.764320	     5.623259	     7.929863
C	     6.578675	     5.029600	     8.034979
C	     6.569236	     5.637846	     0.647444
C	     7.269969	     4.958533	     0.733784
C	     7.412860	     5.730619	     8.094024
C	     8.100230	     6.585841	     8.137673
C	     0.026080	     7.398518	     0.678963
C	     0.881277	     6.484055	     0.537002
C	     0.850639	     7.387929	     7.999951
C	     1.665319	     6.562178	     8.126238
C	     1.540310	     7.338242	     0.750919
C	     2.647079	     6.696053	     0.670284
C	     2.233104	     7.514231	     8.063540
C	     3.416218	     6.704891	     8.020555
C	     3.362031	     7.491312	     0.548243
C	     4.166149	     6.679456	     0.914530
C	     4.319447	     7.395428	     8.061713
C	     5.099529	     6.691798	     0.002566
C	     4.827106	     7.583745	     0.823824
C	     5.817491	     6.602645	     0.724097
C	     5.594998	     7.668873	     0.010561
C	     6.582972	     6.508863	     7.991500
C	     6.533401	     7.578332	     0.780311
C	     7.221318	     6.598894	     0.673745
C	     7.348636	     7.309942	     8.024696
C	     8.093775	     8.161799	     1.718752
C	     0.114613	     0.870878	     2.370561
C	     0.764146	     0.036565	     2.374554
C	     0.829442	     0.790910	     1.616857
C	     1.541719	     0.031742	     1.502436
C	     1.631057	     0.808701	     2.374349
C	     2.336714	     0.002009	     2.370966
C	     2.338426	     0.811467	     1.431084
C	     3.160187	     8.176387	     1.323449
C	     3.146820	     0.794062	     2.374322
C	     4.051543	     0.005498	     2.583356
C	     3.902527	     0.659278	     1.595939
C	     4.945251	     8.155347	     1.671354
C	     4.768167	     0.740799	     2.503344
C	     5.573423	     0.101540	     2.512323
C	     5.619456	     0.747145	     1.611873
C	     6.480290	     0.057758	     1.594689
C	     6.400669	     0.782722	     2.326685
C	     7.228170	     0.117571	     2.452002
C	     7.437146	     0.914564	     1.738551
C	     0.029815	     1.626852	     1.517817
C	     8.109892	     2.412131	     2.135048
C	     0.872783	     1.603795	     2.348935
C	     0.752536	     2.531600	     1.553625
C	     1.533645	     1.563072	     1.335935
C	     1.520761	     2.428131	     2.347287
C	     2.308533	     1.659710	     2.298559
C	     2.412255	     2.362478	     1.365101
C	     3.104259	     1.616688	     1.581685
C	     3.260297	     2.448185	     2.366998
C	     3.943987	     1.467524	     2.310796
C	     3.963750	     2.291582	     1.654324
C	     4.782919	     1.492846	     1.572756
C	     4.791599	     2.178261	     2.284199
C	     5.637491	     1.551103	     2.362953
C	     5.535082	     2.252793	     1.446190
C	     6.563462	     1.501228	     1.460870
C	     6.381133	     2.453082	     2.225310
C	     7.212965	     1.690326	     2.400455
C	     7.232527	     2.385195	     1.461911
C	     0.198792	     3.319012	     1.545941
C	     7.979990	     3.842111	     2.399316
C	     0.717580	     3.205374	     2.537902
C	     0.917723	     4.084582	     1.374482
C	     1.814896	     3.261592	     1.391630
C	     1.587226	     3.892552	     2.219170
C	     2.416795	     3.147970	     2.454231
C	     2.412458	     4.275500	     1.510647
C	     2.923138	     3.376723	     1.543200
C	     3.168477	     4.164612	     2.249162
C	     3.947107	     3.253661	     2.229317
C	     4.111565	     4.040655	     1.334030
C	     4.683769	     3.206973	     1.545681
C	     4.728372	     4.010914	     2.314344
C	     5.660357	     3.208253	     2.302444
C	     5.488398	     3.942065	     1.570671
C	     6.479878	     3.160470	     1.408776
C	     6.407351	     3.974331	     2.305227
C	     7.124963	     3.142480	     2.182666
C	     7.147128	     4.030336	     1.681108
C	     8.016036	     4.659957	     1.514669
C	     8.096846	     5.579738	     2.352281
C	     0.867240	     4.548997	     2.391148
C	     0.890724	     5.650484	     1.625948
C	     1.848091	     5.085568	     1.533963
C	     1.664717	     5.763861	     2.565406
C	     2.122097	     4.866239	     2.493577
C	     2.450177	     6.142305	     1.535369
C	     3.313926	     4.919621	     1.486615
C	     3.054294	     5.728837	     2.401622
C	     4.104461	     4.944615	     2.368116
C	     4.023082	     5.866007	     1.523562
C	     5.097193	     4.980536	     1.523708
C	     4.755333	     5.751119	     2.462892
C	     5.554107	     4.699391	     2.473999
C	     5.620188	     5.851848	     1.439007
C	     6.191329	     4.829082	     1.608525
C	     6.437531	     5.616043	     2.316641
C	     7.275298	     4.985581	     2.235739
C	     7.247455	     5.873537	     1.585769
C	     0.147907	     6.754996	     1.477886
C	     8.204425	     7.643661	     2.637214
C	     0.729131	     6.480100	     2.466106
C	     0.694935	     7.599953	     1.666842
C	     1.541109	     6.582478	     1.897289
C	     1.518008	     7.542128	     2.416957
C	     2.355959	     6.764921	     2.426138
C	     2.381308	     7.430438	     1.402300
C	     3.237729	     6.787850	     1.654933
C	     3.192578	     7.635559	     2.436230
C	     4.094947	     6.517655	     2.469554
C	     4.059502	     7.460513	     1.674010
C	     4.962077	     6.570664	     1.590560
C	     4.770886	     7.374066	     2.515901
C	     5.668905	     6.509516	     2.406262
C	     5.612654	     7.362612	     1.675048
C	     6.475313	     6.680647	     1.662774
C	     6.490015	     7.581045	     2.466636
C	     7.570000	     6.636129	     2.550175
C	     7.331492	     7.424981	     1.525051
C	     8.107579	     0.268112	     3.198857
C	     8.007284	     1.068411	     4.051054
C	     0.882912	     8.085133	     4.035873
C	     0.866564	     0.912204	     3.204577
C	     1.558185	     0.044458	     3.187721
C	     1.734958	     0.859913	     3.932336
C	     2.305549	     8.104282	     3.947782
C	     2.431838	     0.950755	     3.130755
C	     3.094745	     0.086969	     3.147723
C	     3.114170	     0.809746	     4.136914
C	     4.269206	     8.098152	     3.973437
C	     4.014348	     0.772428	     3.361484
C	     4.888702	     0.071555	     3.271750
C	     4.938144	     0.742132	     4.168754
C	     5.726567	     8.168114	     3.967513
C	     5.651259	     0.877435	     3.311349
C	     6.470973	     0.188067	     3.270914
C	     6.319713	     0.990566	     4.035849
C	     7.304591	     0.184081	     3.934549
C	     7.128651	     0.960449	     3.186365
C	     8.184375	     1.692661	     3.223556
C	     7.944988	     2.426424	     3.919330
C	     0.767566	     1.648914	     3.991820
C	     0.701188	     2.387507	     3.161348
C	     1.490958	     1.732384	     3.202038
C	     1.547460	     2.486332	     4.020492
C	     2.477451	     1.654544	     4.040173
C	     2.269154	     2.506433	     3.248916
C	     3.185408	     1.679971	     3.005216
C	     2.992827	     2.637590	     3.943966
C	     3.653532	     1.706680	     3.922205
C	     4.085289	     2.445706	     2.966609
C	     4.571145	     1.615418	     3.339466
C	     4.862866	     2.481813	     4.007782
C	     5.828751	     1.851160	     4.010737
C	     5.498083	     2.459717	     2.971677
C	     6.434551	     1.928699	     3.148761
C	     6.748870	     2.647271	     3.974836
C	     7.164027	     1.710919	     3.876818
C	     7.293461	     2.568539	     2.988253
C	     8.101415	     3.115959	     3.161601
C	     8.192062	     4.141403	     4.051283
C	     0.565623	     3.251310	     3.946882
C	     0.743859	     4.091913	     3.257852
C	     1.518331	     3.210078	     3.146879
C	     1.347522	     3.985268	     4.062193
C	     2.149898	     3.320491	     4.090056
C	     2.261685	     3.998712	     3.129435
C	     3.227833	     3.272415	     3.137491
C	     3.083319	     3.982247	     3.906541
C	     4.044338	     3.036474	     3.861817
C	     4.150271	     3.951917	     3.223649
C	     4.889065	     3.188396	     3.205061
C	     4.948046	     3.923073	     3.886608
C	     5.780855	     3.095458	     3.988032
C	     5.590256	     3.930073	     3.097620
C	     6.410428	     3.158410	     3.085529
C	     6.351214	     3.888395	     3.980055
C	     7.338278	     3.482351	     4.249365
C	     7.212808	     3.804346	     3.164200
C	     8.115191	     4.698428	     2.972203
C	     7.965501	     5.541391	     3.897286
C	     0.607442	     4.858145	     3.958339
C	     0.578894	     5.486709	     2.985386
C	     1.437132	     4.901913	     3.321005
C	     1.711761	     5.598613	     4.108179
C	     2.470536	     4.841266	     4.137569
C	     2.426133	     5.492660	     3.260148
C	     3.222704	     4.885820	     3.162153
C	     3.322278	     5.624237	     4.032201
C	     3.920788	     4.780819	     4.050232
C	     3.954087	     5.756518	     3.179290
C	     4.895346	     4.806717	     3.225689
C	     4.858457	     5.745906	     3.972377
C	     5.610514	     4.866585	     3.937712
C	     5.586612	     5.642031	     3.114171
C	     6.378272	     4.816657	     3.044290
C	     6.482922	     5.581003	     3.786716
C	     7.220032	     4.641826	     3.757517
C	     7.392579	     5.535597	     3.065529
C	     8.207302	     6.573966	     3.380103
C	     0.024673	     7.492247	     3.743652
C	     0.627950	     5.957931	     3.846425
C	     0.855633	     7.416936	     3.206825
C	     1.436281	     6.375554	     3.397494
C	     1.558128	     7.302096	     3.999996
C	     2.423935	     6.304865	     3.904537
C	     2.125849	     7.303427	     3.236764
C	     3.174921	     6.622150	     3.216594
C	     3.021638	     7.458486	     4.059119
C	     4.033310	     6.428987	     4.073088
C	     3.918093	     7.390347	     3.383743
C	     4.887930	     6.531230	     3.192577
C	     4.952976	     7.313014	     3.945902
C	     5.856012	     6.564851	     3.991641
C	     5.629774	     7.500518	     3.109033
C	     6.512289	     6.367266	     3.052678
C	     6.441896	     7.349081	     3.737688
C	     7.125170	     6.495609	     3.948351
C	     7.331113	     7.498180	     3.203140
C	     0.013524	     0.063591	     4.613448
C	     8.093111	     0.666306	     5.745885
C	     0.793766	     7.970921	     5.327601
C	     0.823912	     0.674733	     4.789017
C	     1.736457	     8.107894	     4.766951
C	     1.629993	     0.603197	     5.517713
C	     2.389683	     8.079716	     5.691780
C	     2.362930	     0.949123	     4.866544
C	     3.026830	     0.053443	     4.820262
C	     3.138997	     0.892415	     5.638467
C	     4.038184	     0.252477	     5.533158
C	     4.071601	     0.958182	     4.811060
C	     4.950777	     8.147557	     4.800498
C	     4.936748	     0.848716	     5.691925
C	     5.700247	     8.173518	     5.618107
C	     5.677172	     0.804181	     4.959022
C	     6.496991	     0.096375	     4.763975
C	     6.539285	     0.633468	     5.735867
C	     7.403978	     8.159526	     5.484807
C	     7.345212	     0.905994	     4.870404
C	     8.061956	     1.689408	     4.877829
C	     8.008387	     2.438847	     5.780220
C	     0.706414	     1.564623	     5.664598
C	     0.553000	     2.447908	     4.697262
C	     1.361068	     1.569654	     4.942991
C	     1.477498	     2.460538	     5.458575
C	     2.387918	     1.627647	     5.635466
C	     2.393965	     2.406430	     4.865637
C	     3.262588	     1.696216	     4.876684
C	     3.169892	     2.613488	     5.683515
C	     4.104328	     1.562862	     5.727353
C	     4.053336	     2.452018	     4.876693
C	     4.921435	     1.708297	     4.990467
C	     4.929852	     2.519241	     5.775275
C	     5.870825	     1.590501	     5.694838
C	     5.804990	     2.406724	     4.946982
C	     6.527430	     1.607859	     4.902858
C	     6.523535	     2.500009	     5.774324
C	     7.296392	     1.531819	     5.665607
C	     7.289014	     2.503383	     5.010791
C	     0.026767	     3.301502	     4.841602
C	     8.216685	     4.032404	     6.015870
C	     0.633806	     3.230858	     5.672842
C	     0.651556	     4.197230	     4.951104
C	     1.339716	     3.307384	     4.829191
C	     1.583406	     4.093744	     5.694667
C	     2.362373	     3.258627	     5.712228
C	     2.354791	     4.042015	     4.935130
C	     3.091427	     3.291602	     4.766937
C	     3.308704	     4.250855	     5.813075
C	     4.048966	     3.127407	     5.806610
C	     3.942737	     3.868624	     4.582066
C	     4.853685	     3.226821	     4.906505
C	     4.656459	     4.074168	     5.655146
C	     5.558594	     3.491579	     5.658623
C	     5.616929	     4.107722	     4.835694
C	     6.438778	     3.238489	     5.074259
C	     6.428682	     4.164676	     5.690799
C	     7.325705	     3.252864	     5.795425
C	     7.343572	     4.036160	     5.036884
C	     8.086763	     4.876538	     4.924598
C	     0.005157	     5.712561	     5.576118
C	     0.766729	     4.954499	     5.752818
C	     0.731978	     5.535878	     4.790450
C	     1.645540	     4.760264	     4.765021
C	     1.485706	     5.679741	     5.362685
C	     2.308947	     4.948586	     5.721288
C	     2.441667	     5.661119	     4.836504
C	     3.179221	     4.694142	     4.816639
C	     3.118217	     5.666176	     5.674995
C	     4.077699	     5.044337	     5.702677
C	     4.275242	     5.838092	     5.010397
C	     4.794825	     4.673245	     4.692845
C	     4.942644	     5.827373	     5.750003
C	     5.318918	     4.868653	     5.718268
C	     5.656861	     5.473329	     4.833143
C	     6.474536	     4.782161	     4.716886
C	     6.581576	     5.764635	     5.660523
C	     7.468553	     4.874805	     5.728114
C	     7.253445	     5.559980	     4.782231
C	     7.939218	     6.520820	     4.643654
C	     8.084332	     7.329668	     5.578007
C	     0.770077	     6.346949	     5.689264
C	     0.534671	     7.231073	     4.606140
C	     1.411044	     6.501624	     4.675881
C	     1.571748	     7.306683	     5.551802
C	     2.329947	     6.342310	     5.553448
C	     2.598297	     7.173005	     4.880439
C	     3.325549	     6.318135	     4.977243
C	     3.227956	     7.586893	     5.589833
C	     4.015139	     6.658276	     5.729971
C	     3.975180	     7.289790	     4.866500
C	     4.928764	     6.867802	     4.922032
C	     4.803078	     7.597310	     5.643405
C	     5.712768	     6.585764	     5.680902
C	     5.826961	     7.393016	     4.790829
C	     6.547390	     6.349480	     4.831201
C	     6.708744	     7.421000	     5.690109
C	     7.273530	     6.423284	     5.627470
C	     7.191580	     7.444220	     4.555288
C	     0.329076	     8.021356	     6.321098
C	     8.171656	     0.575629	     7.184741
C	     0.709395	     8.097319	     7.291242
C	     0.811745	     1.017281	     6.452039
C	     1.468116	     8.132387	     6.490141
C	     1.506999	     0.779770	     7.161463
C	     2.378744	     0.162071	     7.293949
C	     2.293295	     0.782695	     6.435283
C	     3.303693	     0.116272	     6.572088
C	     3.336596	     1.007689	     7.245401
C	     3.883339	     0.033081	     7.376747
C	     4.182709	     0.814964	     6.480561
C	     4.899720	     0.025639	     6.422187
C	     4.832430	     0.674896	     7.330592
C	     5.766529	     0.087286	     7.412550
C	     5.655788	     0.821247	     6.494395
C	     6.522641	     8.219894	     6.566579
C	     6.594330	     0.689260	     7.265479
C	     7.309224	     8.162415	     7.349070
C	     7.331209	     0.716748	     6.470702
C	     7.922517	     1.661297	     6.641374
C	     8.125507	     2.492598	     7.295003
C	     0.796083	     1.616966	     7.359121
C	     0.683908	     2.424606	     6.451309
C	     1.554992	     1.766705	     6.246359
C	     1.601761	     2.302750	     7.303856
C	     2.447259	     1.578296	     7.130133
C	     2.361430	     2.324553	     6.329916
C	     3.277732	     1.855427	     6.378081
C	     3.229564	     2.557720	     7.167751
C	     4.165848	     1.568568	     7.336808
C	     4.203064	     2.475790	     6.610859
C	     4.872237	     1.587695	     6.518317
C	     5.016243	     2.404494	     7.184442
C	     5.819283	     1.547967	     7.331930
C	     5.744091	     2.180011	     6.518074
C	     6.731434	     1.579501	     6.582434
C	     6.492658	     2.328645	     7.338149
C	     7.294213	     1.605988	     7.575578
C	     7.295465	     2.586544	     6.658467
C	     8.151904	     3.208558	     6.593988
C	     8.163846	     4.112725	     7.397145
C	     0.779617	     3.102325	     7.319334
C	     0.813509	     4.084789	     6.567205
C	     1.538344	     3.159853	     6.433476
C	     1.536144	     3.930914	     7.414218
C	     2.500507	     3.186546	     7.317055
C	     2.394451	     4.186967	     6.527764
C	     3.181315	     3.334619	     6.465393
C	     3.271521	     3.996026	     7.228586
C	     4.044217	     3.265856	     7.196546
C	     4.127166	     4.149375	     6.712137
C	     4.836401	     3.309273	     6.451172
C	     4.989940	     3.845614	     7.387073
C	     5.798914	     3.264958	     7.622044
C	     5.559695	     4.163367	     6.522582
C	     6.305657	     3.480188	     6.450987
C	     6.395547	     4.209117	     7.291918
C	     7.430151	     3.241366	     7.434665
C	     7.377309	     4.051158	     6.607567
C	     0.022240	     4.926446	     6.518010
C	     8.099734	     5.862122	     7.169435
C	     0.752650	     4.741577	     7.378011
C	     0.746568	     5.595420	     6.501405
C	     1.548936	     4.981378	     6.511788
C	     1.581025	     5.814806	     7.302463
C	     2.452952	     4.904862	     7.342729
C	     2.432376	     5.612275	     6.595773
C	     3.248534	     4.983625	     6.529732
C	     3.339715	     5.750882	     7.328077
C	     3.961744	     4.893692	     7.305186
C	     4.074489	     5.597799	     6.550012
C	     4.816760	     4.817462	     6.559273
C	     4.736749	     5.657013	     7.309520
C	     5.689102	     5.038614	     7.133762
C	     5.642693	     5.981454	     6.696650
C	     6.624528	     4.941639	     6.535631
C	     6.661873	     5.725624	     7.257736
C	     7.523915	     4.965619	     7.332804
C	     7.413696	     5.584513	     6.444400
C	     7.929651	     6.562750	     6.400935
C	     8.116050	     7.416824	     7.370247
C	     0.549195	     6.540268	     7.188557
C	     0.873103	     7.073089	     6.345904
C	     1.612799	     6.340808	     6.388895
C	     1.537974	     7.221459	     7.180602
C	     2.483996	     6.647956	     7.262415
C	     2.534364	     7.429825	     6.521356
C	     3.188004	     6.438028	     6.279608
C	     3.111380	     7.436349	     7.479439
C	     4.034952	     6.522304	     7.156964
C	     3.970171	     7.532976	     6.514732
C	     4.908629	     6.633579	     6.431032
C	     4.978166	     7.435888	     7.311355
C	     5.704960	     6.739868	     7.434600
C	     5.632061	     7.464602	     6.384795
C	     6.663559	     6.684789	     6.377705
C	     6.504712	     7.391832	     7.241243
C	     7.300616	     6.598845	     7.209699
C	     7.386115	     7.483908	     6.489684

***Radial Distribution Function***

1         	     0.816000	     0.000000
2         	     0.848000	     0.000000
3         	     0.880000	     0.000000
4         	     0.912000	     0.003820
5         	     0.944000	     0.099212
6         	     0.976000	     0.532370
7         	     1.008000	     1.424450
8         	     1.040000	     2.377551
9         	     1.072000	     2.967660
10        	     1.104000	     3.105063
11        	     1.136000	     2.894282
12        	     1.168000	     2.513978
13        	     1.200000	     2.117777
14        	     1.232000	     1.707931
15        	     1.264000	     1.345859
16        	     1.296000	     1.060284
17        	     1.328000	     0.829871
18        	     1.360000	     0.674238
19        	     1.392000	     0.555972
20        	     1.424000	     0.485621
21        	     1.456000	     0.460209
22        	     1.488000	     0.448678
23        	     1.520000	     0.469749
24        	     1.552000	     0.485794
25        	     1.584000	     0.528143
26        	     1.616000	     0.560495
27        	     1.648000	     0.583907
28        	     1.680000	     0.602111
29        	     1.712000	     0.624686
30        	     1.744000	     0.673875
31        	     1.776000	     0.739512
32        	     1.808000	     0.843272
33        	     1.840000	     0.994395
34        	     1.872000	     1.145739
35        	     1.904000	     1.293331
36        	     1.936000	     1.422400
37        	     1.968000	     1.492663
38        	     2.000000	     1.516948
39        	     2.032000	     1.485641
40        	     2.064000	     1.402055
41        	     2.096000	     1.309005
42        	     2.128000	     1.224415
43        	     2.160000	     1.152606
44        	     2.192000	     1.071987
45        	     2.224000	     1.002649
46        	     2.256000	     0.949705
47        	     2.288000	     0.906278
48        	     2.320000	     0.878960
49        	     2.352000	     0.856155
50        	     2.384000	     0.856710
51        	     2.416000	     0.862639
52        	     2.448000	     0.865870
53        	     2.480000	     0.891627
54        	     2.512000	     0.910982
55        	     2.544000	     0.929792
56        	     2.576000	     0.933172
57        	     2.608000	     0.932756
58        	     2.640000	     0.924473
59        	     2.672000	     0.891956
60        	     2.704000	     0.865736
61        	     2.736000	     0.836800
62        	     2.768000	     0.821080
63        	     2.800000	     0.837628
64        	     2.832000	     0.871155
65        	     2.864000	     0.931632
66        	     2.896000	     1.009631
67        	     2.928000	     1.092074
68        	     2.960000	     1.174788
69        	     2.992000	     1.246788
70        	     3.024000	     1.284794
71        	     3.056000	     1.303487
72        	     3.088000	     1.275294
73        	     3.120000	     1.229527
74        	     3.152000	     1.161832
75        	     3.184000	     1.089850
76        	     3.216000	     1.016121
77        	     3.248000	     0.950323
78        	     3.280000	     0.903080
79        	     3.312000	     0.877086
80        	     3.344000	     0.881902
81        	     3.376000	     0.881482
82        	     3.408000	     0.910838
83        	     3.440000	     0.928084
84        	     3.472000	     0.951592
85        	     3.504000	     0.961082
86        	     3.536000	     0.974085
87        	     3.568000	     0.972156
88        	     3.600000	     0.959054
89        	     3.632000	     0.956200
90        	     3.664000	     0.947237
91        	     3.696000	     0.931978
92        	     3.728000	     0.923741
93        	     3.760000	     0.917457
94        	     3.792000	     0.911963
95        	     3.824000	     0.916755
96        	     3.856000	     0.931493
97        	     3.888000	     0.949856
98        	     3.920000	     0.984535
99        	     3.952000	     1.018324
100       	     3.984000	     1.060053

***Simulation Averages***

Temperature:                0.850000
Pressure:                   0.183559
Potential Energy:          -6.606922
Heat Capacity:              2.808033
Move Acceptance Rate:       0.297411
Final Max Displacement:     0.138613

Total Wall Time: 4.600000 minutes
